#
# A fatal error has been detected by the Java Runtime Environment:
#
#  SIGBUS (0xa) at pc=0x0000000100d42ba6, pid=2783, tid=24835
#
# JRE version: OpenJDK Runtime Environment (11.0.13) (build 11.0.13+0-b1751.21-8125866)
# Java VM: OpenJDK 64-Bit Server VM (11.0.13+0-b1751.21-8125866, mixed mode, tiered, compressed oops, g1 gc, bsd-amd64)
# Problematic frame:
# V  [libjvm.dylib+0x342ba6]  G1ParScanThreadState::copy_to_survivor_space(InCSetState, oopDesc*, markOopDesc*)+0x44
#
# No core dump will be written. Core dumps have been disabled. To enable core dumping, try "ulimit -c unlimited" before starting Java again
#
# If you would like to submit a bug report, please visit:
#   https://bugreport.java.com/bugreport/crash.jsp
#

---------------  S U M M A R Y ------------

Command Line: --add-opens=java.base/java.util=ALL-UNNAMED --add-opens=java.base/java.lang=ALL-UNNAMED --add-opens=java.base/java.lang.invoke=ALL-UNNAMED --add-opens=java.base/java.util=ALL-UNNAMED --add-opens=java.prefs/java.util.prefs=ALL-UNNAMED --add-opens=java.prefs/java.util.prefs=ALL-UNNAMED --add-opens=java.base/java.nio.charset=ALL-UNNAMED --add-opens=java.base/java.net=ALL-UNNAMED --add-opens=java.base/java.util.concurrent.atomic=ALL-UNNAMED -Xmx2048m -Dfile.encoding=UTF-8 -Duser.country=IN -Duser.language=en -Duser.variant org.gradle.launcher.daemon.bootstrap.GradleDaemon 7.4

Host: Macmini6,1 x86_64 2500 MHz, 4 cores, 16G, Darwin 19.6.0
Time: Mon Jan  2 18:00:50 2023 IST elapsed time: 8.767939 seconds (0d 0h 0m 8s)

---------------  T H R E A D  ---------------

Current thread (0x00007fcb3a87e000):  GCTaskThread "GC Thread#3" [stack: 0x0000700010a30000,0x0000700010b30000] [id=24835]

Stack: [0x0000700010a30000,0x0000700010b30000],  sp=0x0000700010b2faf0,  free space=1022k
Native frames: (J=compiled Java code, A=aot compiled Java code, j=interpreted, Vv=VM code, C=native code)
V  [libjvm.dylib+0x342ba6]  G1ParScanThreadState::copy_to_survivor_space(InCSetState, oopDesc*, markOopDesc*)+0x44
V  [libjvm.dylib+0x349251]  G1ParScanThreadState::dispatch_reference(StarTask)+0x141
V  [libjvm.dylib+0x3429d2]  G1ParScanThreadState::trim_queue_to_threshold(unsigned int)+0x14e
V  [libjvm.dylib+0x3499d5]  G1RefineCardClosure::do_card_ptr(signed char*, unsigned int)+0x79
V  [libjvm.dylib+0x2e8810]  DirtyCardQueueSet::apply_closure_to_completed_buffer(CardTableEntryClosure*, unsigned int, unsigned long, bool)+0x86
V  [libjvm.dylib+0x3150f9]  G1CollectedHeap::iterate_dirty_card_closure(CardTableEntryClosure*, unsigned int)+0x33
V  [libjvm.dylib+0x3482d1]  G1RemSet::update_rem_set(G1ParScanThreadState*, unsigned int)+0x11f
V  [libjvm.dylib+0x348346]  G1RemSet::oops_into_collection_set_do(G1ParScanThreadState*, unsigned int)+0x18
V  [libjvm.dylib+0x31a4fc]  G1ParTask::work(unsigned int)+0xdc
V  [libjvm.dylib+0x7f3961]  GangWorker::loop()+0x43
V  [libjvm.dylib+0x783faa]  Thread::call_run()+0x68
V  [libjvm.dylib+0x62e2c9]  thread_native_entry(Thread*)+0x12d
C  [libsystem_pthread.dylib+0x6109]  _pthread_start+0x94
C  [libsystem_pthread.dylib+0x1b8b]  thread_start+0xf


siginfo: si_signo: 10 (SIGBUS), si_code: 2 (BUS_ADRERR), si_addr: 0x000000083d0924d8

Register to memory mapping:

RAX=0x00000001013ad220: _ZN8Universe13_narrow_klassE+0 in /Applications/Android Studio.app/Contents/jre/Contents/Home/lib/server/libjvm.dylib at 0x0000000100a00000
RBX=0x00007fcb3a795230 points into unknown readable memory: 0x000000010136ae70 | 70 ae 36 01 01 00 00 00
RCX=0x00007fcb3a72d600 points into unknown readable memory: 0x0000000000656d61 | 61 6d 65 00 00 00 00 00
RDX=0x000000078f57f301 is pointing into object: [J 
{0x000000078f57f278} - klass: {type array long}
 - length: 32
RSP=0x0000700010b2faf0 points into unknown readable memory: 0x00000007807d5bf8 | f8 5b 7d 80 07 00 00 00
RBP=0x0000700010b2fb60 points into unknown readable memory: 0x0000700010b2fb90 | 90 fb b2 10 00 70 00 00
RSI=0x0000000000000001 is an unknown value
RDI=0x000000083d0924d0 is an unknown value
R8 =0x0000000000000003 is an unknown value
R9 =0x0000000000000005 is an unknown value
R10=0x0000000000000007 is an unknown value
R11=0xffffffffff58f358 is an unknown value
R12=0x0000000000000001 is an unknown value
R13=0x00007fcb3a72d6a0 points into unknown readable memory: 0x7572600200010009 | 09 00 01 00 02 60 72 75
R14=0x00007fcb3a795230 points into unknown readable memory: 0x000000010136ae70 | 70 ae 36 01 01 00 00 00
R15=0x000000078f57f330 is pointing into object: [J 
{0x000000078f57f278} - klass: {type array long}
 - length: 32


Registers:
RAX=0x00000001013ad220, RBX=0x00007fcb3a795230, RCX=0x00007fcb3a72d600, RDX=0x000000078f57f301
RSP=0x0000700010b2faf0, RBP=0x0000700010b2fb60, RSI=0x0000000000000001, RDI=0x000000083d0924d0
R8 =0x0000000000000003, R9 =0x0000000000000005, R10=0x0000000000000007, R11=0xffffffffff58f358
R12=0x0000000000000001, R13=0x00007fcb3a72d6a0, R14=0x00007fcb3a795230, R15=0x000000078f57f330
RIP=0x0000000100d42ba6, EFLAGS=0x0000000000010202, ERR=0x0000000000000004
  TRAPNO=0x000000000000000e

Top of Stack: (sp=0x0000700010b2faf0)
0x0000700010b2faf0:   00000007807d5bf8 00007fcb3a795230
0x0000700010b2fb00:   0000000110b2fb20 0000000000000011
0x0000700010b2fb10:   0000000000000005 000000078eae8300
0x0000700010b2fb20:   000000000000000d 0000000000000005
0x0000700010b2fb30:   00000007807d5b01 000000078eae58a0
0x0000700010b2fb40:   00007fcb3a795230 000000000001ffff
0x0000700010b2fb50:   00007fcb3a795230 00000001013ad210
0x0000700010b2fb60:   0000700010b2fb90 0000000100d49251
0x0000700010b2fb70:   00000000000002b1 00007fcb3a795230
0x0000700010b2fb80:   0000000000000040 000000000001ffff
0x0000700010b2fb90:   0000700010b2fbe0 0000000100d429d2
0x0000700010b2fba0:   0000700010b2fbb0 000000078eae58a1
0x0000700010b2fbb0:   0000700010b2fbc0 000000010102e753
0x0000700010b2fbc0:   00007fcb3a795230 000000020a3e3c0f
0x0000700010b2fbd0:   0000700010b2fd70 000000050e69140f
0x0000700010b2fbe0:   0000700010b2fc20 0000000100d499d5
0x0000700010b2fbf0:   000000010136b0d0 0000700010b2fd70
0x0000700010b2fc00:   00000000000000d9 00007fcb3b60b600
0x0000700010b2fc10:   00000001013d0a08 00000000000000d9
0x0000700010b2fc20:   0000700010b2fc70 0000000100ce8810
0x0000700010b2fc30:   0000700010b2fc40 0000000000000100
0x0000700010b2fc40:   0000000100000001 ffffffffffffffff
0x0000700010b2fc50:   00007fcb3a814600 0000700010b2fd70
0x0000700010b2fc60:   00000001013d0a08 0000000000000001
0x0000700010b2fc70:   0000700010b2fcb0 0000000100d150f9
0x0000700010b2fc80:   00007fcb3a423860 0000700010b2fd70
0x0000700010b2fc90:   00007fcb3a795230 0000700010b2fd40
0x0000700010b2fca0:   0000000000000001 00007fcb3a41fb80
0x0000700010b2fcb0:   0000700010b2fdc0 0000000100d482d1
0x0000700010b2fcc0:   000000010136a7c8 000000020a3ac797
0x0000700010b2fcd0:   000000050e6075f1 000000010000000f
0x0000700010b2fce0:   00007fcb3a41fb80 0000700000000001 

Instructions: (pc=0x0000000100d42ba6)
0x0000000100d42aa6:   49 89 ca 48 8b 47 60 48 0f be ce 48 8b 84 c8 10
0x0000000100d42ab6:   01 00 00 4c 39 48 28 77 33 4c 39 48 40 76 2d 48
0x0000000100d42ac6:   8b 4f 08 48 8b b9 d8 04 00 00 48 8d 0d 22 e1 68
0x0000000100d42ad6:   00 80 39 00 74 61 8b 52 08 4c 8d 0d 3a a7 66 00
0x0000000100d42ae6:   41 8a 49 08 48 d3 e2 49 03 11 eb 4f 48 8b 47 08
0x0000000100d42af6:   48 8b b8 d8 04 00 00 48 8d 05 f5 e0 68 00 80 38
0x0000000100d42b06:   00 74 15 8b 52 08 48 8d 05 0d a7 66 00 8a 48 08
0x0000000100d42b16:   48 d3 e2 48 03 10 eb 04 48 8b 52 08 31 c0 40 80
0x0000000100d42b26:   fe 02 0f 94 c0 48 89 d6 4c 89 d2 44 89 c1 41 89
0x0000000100d42b36:   c0 5d e9 bf b7 01 00 48 8b 52 08 45 31 db 40 80
0x0000000100d42b46:   fe 02 41 0f 94 c3 4c 8b 48 20 48 89 d6 4c 89 d2
0x0000000100d42b56:   44 89 c1 45 89 d8 5d e9 90 b7 01 00 55 48 89 e5
0x0000000100d42b66:   41 57 41 56 41 55 41 54 53 48 83 ec 48 49 89 cd
0x0000000100d42b76:   49 89 d7 41 89 f4 48 89 fb 48 8d 05 73 e0 68 00
0x0000000100d42b86:   8a 10 84 d2 74 16 41 8b 7f 08 48 8d 05 89 a6 66
0x0000000100d42b96:   00 8a 48 08 48 d3 e7 48 03 38 eb 04 49 8b 7f 08
0x0000000100d42ba6:   8b 47 08 85 c0 7e 09 a8 01 75 09 c1 e8 03 eb 46
0x0000000100d42bb6:   85 c0 78 0e 48 8b 07 4c 89 fe ff 90 10 01 00 00
0x0000000100d42bc6:   eb 34 31 c9 84 d2 0f 94 c1 49 63 54 8f 0c 89 c1
0x0000000100d42bd6:   48 d3 e2 c1 e8 10 0f b6 c8 48 01 d1 48 8d 05 2b
0x0000000100d42be6:   c0 64 00 48 63 00 48 01 c1 48 ff c9 48 f7 d8 48
0x0000000100d42bf6:   21 c8 48 c1 e8 03 48 8b 53 08 8a 8a c0 02 00 00
0x0000000100d42c06:   4c 89 fe 48 d3 ee 48 8b 8a b0 02 00 00 48 8b 0c
0x0000000100d42c16:   f1 48 63 91 40 01 00 00 45 31 c0 41 80 fc 01 48
0x0000000100d42c26:   89 55 a8 75 2d 4d 89 e8 41 f6 c5 01 75 0a 4c 89
0x0000000100d42c36:   e9 48 83 e1 fd 4c 8b 01 41 c1 e8 03 41 83 e0 0f
0x0000000100d42c46:   44 3b 83 6c 01 00 00 73 09 c6 45 d0 01 41 b6 01
0x0000000100d42c56:   eb 35 49 0f be cc 44 8a b4 0b 68 01 00 00 44 88
0x0000000100d42c66:   75 d0 41 80 fe 02 75 1f 80 bb c8 01 00 00 00 74
0x0000000100d42c76:   16 48 89 df 4c 89 fe 4c 89 ea e8 d3 03 00 00 49
0x0000000100d42c86:   89 c5 e9 a9 03 00 00 4c 89 6d b0 44 89 65 a4 4c
0x0000000100d42c96:   63 c8 48 89 5d 98 48 8b 4b 60 49 0f be d6 4c 8b 


Stack slot to memory mapping:
stack at sp + 0 slots: 0x00000007807d5bf8 is an oop: sun.util.locale.LocaleObjectCache$CacheEntry 
{0x00000007807d5bf8} - klass: 'sun/util/locale/LocaleObjectCache$CacheEntry'
stack at sp + 1 slots: 0x00007fcb3a795230 points into unknown readable memory: 0x000000010136ae70 | 70 ae 36 01 01 00 00 00
stack at sp + 2 slots: 0x0000000110b2fb20 is an unknown value
stack at sp + 3 slots: 0x0000000000000011 is an unknown value
stack at sp + 4 slots: 0x0000000000000005 is an unknown value
stack at sp + 5 slots: 0x000000078eae8300 is an oop: java.util.LinkedHashMap$Entry 
{0x000000078eae8300} - klass: 'java/util/LinkedHashMap$Entry'
stack at sp + 6 slots: 0x000000000000000d is an unknown value
stack at sp + 7 slots: 0x0000000000000005 is an unknown value


---------------  P R O C E S S  ---------------

Threads class SMR info:
_java_thread_list=0x00007fcb3a72d2a0, length=20, elements={
0x00007fcb3a812800, 0x00007fcb3b808800, 0x00007fcb3a875000, 0x00007fcb3b019800,
0x00007fcb3b00e000, 0x00007fcb3a878000, 0x00007fcb3a879000, 0x00007fcb3c029000,
0x00007fcb3b048800, 0x00007fcb3b08b000, 0x00007fcb3b95b000, 0x00007fcb3e0dc000,
0x00007fcb3bbb0000, 0x00007fcb3bc62800, 0x00007fcb3d9e2800, 0x00007fcb3a84d000,
0x00007fcb3c601800, 0x00007fcb3b8e7800, 0x00007fcb3da72000, 0x00007fcb3bc1c800
}

Java Threads: ( => current thread )
  0x00007fcb3a812800 JavaThread "main" [_thread_blocked, id=9987, stack(0x000070000f5f1000,0x000070000f6f1000)]
  0x00007fcb3b808800 JavaThread "Reference Handler" daemon [_thread_blocked, id=18179, stack(0x000070000fd06000,0x000070000fe06000)]
  0x00007fcb3a875000 JavaThread "Finalizer" daemon [_thread_blocked, id=17667, stack(0x000070000fe09000,0x000070000ff09000)]
  0x00007fcb3b019800 JavaThread "Signal Dispatcher" daemon [_thread_blocked, id=21763, stack(0x0000700010012000,0x0000700010112000)]
  0x00007fcb3b00e000 JavaThread "Service Thread" daemon [_thread_blocked, id=22275, stack(0x0000700010115000,0x0000700010215000)]
  0x00007fcb3a878000 JavaThread "C2 CompilerThread0" daemon [_thread_in_native, id=43011, stack(0x0000700010218000,0x0000700010318000)]
  0x00007fcb3a879000 JavaThread "C1 CompilerThread0" daemon [_thread_blocked, id=23043, stack(0x000070001031b000,0x000070001041b000)]
  0x00007fcb3c029000 JavaThread "Sweeper thread" daemon [_thread_blocked, id=41987, stack(0x000070001041e000,0x000070001051e000)]
  0x00007fcb3b048800 JavaThread "Common-Cleaner" daemon [_thread_blocked, id=41219, stack(0x0000700010521000,0x0000700010621000)]
  0x00007fcb3b08b000 JavaThread "C2 CompilerThread1" daemon [_thread_blocked, id=23819, stack(0x0000700010727000,0x0000700010827000)]
  0x00007fcb3b95b000 JavaThread "Daemon health stats" [_thread_blocked, id=25859, stack(0x0000700010c36000,0x0000700010d36000)]
  0x00007fcb3e0dc000 JavaThread "Incoming local TCP Connector on port 55737" [_thread_in_native, id=26627, stack(0x0000700010d39000,0x0000700010e39000)]
  0x00007fcb3bbb0000 JavaThread "Daemon periodic checks" [_thread_blocked, id=39427, stack(0x0000700010e3c000,0x0000700010f3c000)]
  0x00007fcb3bc62800 JavaThread "Daemon" [_thread_blocked, id=38915, stack(0x0000700010f3f000,0x000070001103f000)]
  0x00007fcb3d9e2800 JavaThread "Handler for socket connection from /127.0.0.1:55737 to /127.0.0.1:55738" [_thread_in_native, id=27395, stack(0x0000700011042000,0x0000700011142000)]
  0x00007fcb3a84d000 JavaThread "Cancel handler" [_thread_blocked, id=37635, stack(0x0000700011145000,0x0000700011245000)]
  0x00007fcb3c601800 JavaThread "Daemon worker" [_thread_blocked, id=28163, stack(0x0000700011248000,0x0000700011348000)]
  0x00007fcb3b8e7800 JavaThread "Asynchronous log dispatcher for DefaultDaemonConnection: socket connection from /127.0.0.1:55737 to /127.0.0.1:55738" [_thread_blocked, id=36867, stack(0x000070001134b000,0x000070001144b000)]
  0x00007fcb3da72000 JavaThread "Stdin handler" [_thread_blocked, id=36611, stack(0x000070001144e000,0x000070001154e000)]
  0x00007fcb3bc1c800 JavaThread "Daemon client event forwarder" [_thread_blocked, id=35843, stack(0x0000700011551000,0x0000700011651000)]

Other Threads:
  0x00007fcb3b010000 VMThread "VM Thread" [stack: 0x000070000fc03000,0x000070000fd03000] [id=18435]
  0x00007fcb3b8df000 WatcherThread [stack: 0x0000700010624000,0x0000700010724000] [id=23555]
  0x00007fcb3a815000 GCTaskThread "GC Thread#0" [stack: 0x000070000f6f4000,0x000070000f7f4000] [id=20995]
  0x00007fcb3a862000 GCTaskThread "GC Thread#1" [stack: 0x000070001082a000,0x000070001092a000] [id=40451]
  0x00007fcb3a882000 GCTaskThread "GC Thread#2" [stack: 0x000070001092d000,0x0000700010a2d000] [id=24579]
=>0x00007fcb3a87e000 GCTaskThread "GC Thread#3" [stack: 0x0000700010a30000,0x0000700010b30000] [id=24835]
  0x00007fcb3a843800 ConcurrentGCThread "G1 Main Marker" [stack: 0x000070000f7f7000,0x000070000f8f7000] [id=20483]
  0x00007fcb3b80a000 ConcurrentGCThread "G1 Conc#0" [stack: 0x000070000f8fa000,0x000070000f9fa000] [id=19715]
  0x00007fcb3b89b000 ConcurrentGCThread "G1 Refine#0" [stack: 0x000070000f9fd000,0x000070000fafd000] [id=12291]
  0x00007fcb3b745800 ConcurrentGCThread "G1 Refine#1" [stack: 0x0000700010b33000,0x0000700010c33000] [id=16135]
  0x00007fcb3a844000 ConcurrentGCThread "G1 Young RemSet Sampling" [stack: 0x000070000fb00000,0x000070000fc00000] [id=19203]

Threads with active compile tasks:
C2 CompilerThread0   8812 1222       4       jdk.internal.loader.URLClassPath::getResource (74 bytes)
C1 CompilerThread0   8812 1683       3       java.lang.reflect.Method::setAccessible (21 bytes)
C2 CompilerThread1   8812 1678       4       java.lang.String::replace (42 bytes)

VM state:at safepoint (normal execution)

VM Mutex/Monitor currently owned by a thread:  ([mutex/lock_event])
[0x00007fcb3a417c40] Threads_lock - owner thread: 0x00007fcb3b010000
[0x00007fcb3a418340] Heap_lock - owner thread: 0x00007fcb3c601800

Heap address: 0x0000000780000000, size: 2048 MB, Compressed Oops mode: Zero based, Oop shift amount: 3
Narrow klass base: 0x0000000800000000, Narrow klass shift: 0
Compressed class space size: 1073741824 Address: 0x0000000800000000

Heap:
 garbage-first heap   total 262144K, used 35085K [0x0000000780000000, 0x0000000800000000)
  region size 1024K, 23 young (23552K), 3 survivors (3072K)
 Metaspace       used 17634K, capacity 18040K, committed 18304K, reserved 1064960K
  class space    used 2045K, capacity 2153K, committed 2176K, reserved 1048576K
Heap Regions: E=young(eden), S=young(survivor), O=old, HS=humongous(starts), HC=humongous(continues), CS=collection set, F=free, A=archive, TAMS=top-at-mark-start (previous, next)
|   0|0x0000000780000000, 0x0000000780100000, 0x0000000780100000|100%|HS|  |TAMS 0x0000000780000000, 0x0000000780000000| Complete 
|   1|0x0000000780100000, 0x0000000780200000, 0x0000000780200000|100%|HC|  |TAMS 0x0000000780100000, 0x0000000780100000| Complete 
|   2|0x0000000780200000, 0x0000000780300000, 0x0000000780300000|100%|HC|  |TAMS 0x0000000780200000, 0x0000000780200000| Complete 
|   3|0x0000000780300000, 0x0000000780400000, 0x0000000780400000|100%| O|  |TAMS 0x0000000780300000, 0x0000000780300000| Untracked 
|   4|0x0000000780400000, 0x0000000780500000, 0x0000000780500000|100%| O|  |TAMS 0x0000000780400000, 0x0000000780400000| Untracked 
|   5|0x0000000780500000, 0x0000000780600000, 0x0000000780600000|100%| O|  |TAMS 0x0000000780500000, 0x0000000780500000| Untracked 
|   6|0x0000000780600000, 0x0000000780700000, 0x0000000780700000|100%| O|  |TAMS 0x0000000780600000, 0x0000000780600000| Untracked 
|   7|0x0000000780700000, 0x0000000780800000, 0x0000000780800000|100%| O|  |TAMS 0x0000000780700000, 0x0000000780700000| Untracked 
|   8|0x0000000780800000, 0x0000000780900000, 0x0000000780900000|100%| O|  |TAMS 0x0000000780800000, 0x0000000780800000| Untracked 
|   9|0x0000000780900000, 0x0000000780a00000, 0x0000000780a00000|100%| O|  |TAMS 0x0000000780900000, 0x0000000780900000| Untracked 
|  10|0x0000000780a00000, 0x0000000780b00000, 0x0000000780b00000|100%| O|  |TAMS 0x0000000780a00000, 0x0000000780a00000| Untracked 
|  11|0x0000000780b00000, 0x0000000780c00000, 0x0000000780c00000|100%| O|  |TAMS 0x0000000780b00000, 0x0000000780b00000| Untracked 
|  12|0x0000000780c00000, 0x0000000780d00000, 0x0000000780d00000|100%| O|  |TAMS 0x0000000780c00000, 0x0000000780c00000| Untracked 
|  13|0x0000000780d00000, 0x0000000780db62a8, 0x0000000780e00000| 71%| O|  |TAMS 0x0000000780d00000, 0x0000000780d00000| Untracked 
|  14|0x0000000780e00000, 0x0000000780e00000, 0x0000000780f00000|  0%| F|  |TAMS 0x0000000780e00000, 0x0000000780e00000| Untracked 
|  15|0x0000000780f00000, 0x0000000780f00000, 0x0000000781000000|  0%| F|  |TAMS 0x0000000780f00000, 0x0000000780f00000| Untracked 
|  16|0x0000000781000000, 0x0000000781000000, 0x0000000781100000|  0%| F|  |TAMS 0x0000000781000000, 0x0000000781000000| Untracked 
|  17|0x0000000781100000, 0x0000000781100000, 0x0000000781200000|  0%| F|  |TAMS 0x0000000781100000, 0x0000000781100000| Untracked 
|  18|0x0000000781200000, 0x0000000781200000, 0x0000000781300000|  0%| F|  |TAMS 0x0000000781200000, 0x0000000781200000| Untracked 
|  19|0x0000000781300000, 0x0000000781300000, 0x0000000781400000|  0%| F|  |TAMS 0x0000000781300000, 0x0000000781300000| Untracked 
|  20|0x0000000781400000, 0x0000000781400000, 0x0000000781500000|  0%| F|  |TAMS 0x0000000781400000, 0x0000000781400000| Untracked 
|  21|0x0000000781500000, 0x0000000781500000, 0x0000000781600000|  0%| F|  |TAMS 0x0000000781500000, 0x0000000781500000| Untracked 
|  22|0x0000000781600000, 0x0000000781600000, 0x0000000781700000|  0%| F|  |TAMS 0x0000000781600000, 0x0000000781600000| Untracked 
|  23|0x0000000781700000, 0x0000000781700000, 0x0000000781800000|  0%| F|  |TAMS 0x0000000781700000, 0x0000000781700000| Untracked 
|  24|0x0000000781800000, 0x0000000781800000, 0x0000000781900000|  0%| F|  |TAMS 0x0000000781800000, 0x0000000781800000| Untracked 
|  25|0x0000000781900000, 0x0000000781900000, 0x0000000781a00000|  0%| F|  |TAMS 0x0000000781900000, 0x0000000781900000| Untracked 
|  26|0x0000000781a00000, 0x0000000781a00000, 0x0000000781b00000|  0%| F|  |TAMS 0x0000000781a00000, 0x0000000781a00000| Untracked 
|  27|0x0000000781b00000, 0x0000000781b00000, 0x0000000781c00000|  0%| F|  |TAMS 0x0000000781b00000, 0x0000000781b00000| Untracked 
|  28|0x0000000781c00000, 0x0000000781c00000, 0x0000000781d00000|  0%| F|  |TAMS 0x0000000781c00000, 0x0000000781c00000| Untracked 
|  29|0x0000000781d00000, 0x0000000781d00000, 0x0000000781e00000|  0%| F|  |TAMS 0x0000000781d00000, 0x0000000781d00000| Untracked 
|  30|0x0000000781e00000, 0x0000000781e00000, 0x0000000781f00000|  0%| F|  |TAMS 0x0000000781e00000, 0x0000000781e00000| Untracked 
|  31|0x0000000781f00000, 0x0000000781f00000, 0x0000000782000000|  0%| F|  |TAMS 0x0000000781f00000, 0x0000000781f00000| Untracked 
|  32|0x0000000782000000, 0x0000000782000000, 0x0000000782100000|  0%| F|  |TAMS 0x0000000782000000, 0x0000000782000000| Untracked 
|  33|0x0000000782100000, 0x0000000782100000, 0x0000000782200000|  0%| F|  |TAMS 0x0000000782100000, 0x0000000782100000| Untracked 
|  34|0x0000000782200000, 0x0000000782200000, 0x0000000782300000|  0%| F|  |TAMS 0x0000000782200000, 0x0000000782200000| Untracked 
|  35|0x0000000782300000, 0x0000000782300000, 0x0000000782400000|  0%| F|  |TAMS 0x0000000782300000, 0x0000000782300000| Untracked 
|  36|0x0000000782400000, 0x0000000782400000, 0x0000000782500000|  0%| F|  |TAMS 0x0000000782400000, 0x0000000782400000| Untracked 
|  37|0x0000000782500000, 0x0000000782500000, 0x0000000782600000|  0%| F|  |TAMS 0x0000000782500000, 0x0000000782500000| Untracked 
|  38|0x0000000782600000, 0x0000000782600000, 0x0000000782700000|  0%| F|  |TAMS 0x0000000782600000, 0x0000000782600000| Untracked 
|  39|0x0000000782700000, 0x0000000782700000, 0x0000000782800000|  0%| F|  |TAMS 0x0000000782700000, 0x0000000782700000| Untracked 
|  40|0x0000000782800000, 0x0000000782800000, 0x0000000782900000|  0%| F|  |TAMS 0x0000000782800000, 0x0000000782800000| Untracked 
|  41|0x0000000782900000, 0x0000000782900000, 0x0000000782a00000|  0%| F|  |TAMS 0x0000000782900000, 0x0000000782900000| Untracked 
|  42|0x0000000782a00000, 0x0000000782a00000, 0x0000000782b00000|  0%| F|  |TAMS 0x0000000782a00000, 0x0000000782a00000| Untracked 
|  43|0x0000000782b00000, 0x0000000782b00000, 0x0000000782c00000|  0%| F|  |TAMS 0x0000000782b00000, 0x0000000782b00000| Untracked 
|  44|0x0000000782c00000, 0x0000000782c00000, 0x0000000782d00000|  0%| F|  |TAMS 0x0000000782c00000, 0x0000000782c00000| Untracked 
|  45|0x0000000782d00000, 0x0000000782d00000, 0x0000000782e00000|  0%| F|  |TAMS 0x0000000782d00000, 0x0000000782d00000| Untracked 
|  46|0x0000000782e00000, 0x0000000782e00000, 0x0000000782f00000|  0%| F|  |TAMS 0x0000000782e00000, 0x0000000782e00000| Untracked 
|  47|0x0000000782f00000, 0x0000000782f00000, 0x0000000783000000|  0%| F|  |TAMS 0x0000000782f00000, 0x0000000782f00000| Untracked 
|  48|0x0000000783000000, 0x0000000783000000, 0x0000000783100000|  0%| F|  |TAMS 0x0000000783000000, 0x0000000783000000| Untracked 
|  49|0x0000000783100000, 0x0000000783100000, 0x0000000783200000|  0%| F|  |TAMS 0x0000000783100000, 0x0000000783100000| Untracked 
|  50|0x0000000783200000, 0x0000000783200000, 0x0000000783300000|  0%| F|  |TAMS 0x0000000783200000, 0x0000000783200000| Untracked 
|  51|0x0000000783300000, 0x0000000783300000, 0x0000000783400000|  0%| F|  |TAMS 0x0000000783300000, 0x0000000783300000| Untracked 
|  52|0x0000000783400000, 0x0000000783400000, 0x0000000783500000|  0%| F|  |TAMS 0x0000000783400000, 0x0000000783400000| Untracked 
|  53|0x0000000783500000, 0x0000000783500000, 0x0000000783600000|  0%| F|  |TAMS 0x0000000783500000, 0x0000000783500000| Untracked 
|  54|0x0000000783600000, 0x0000000783600000, 0x0000000783700000|  0%| F|  |TAMS 0x0000000783600000, 0x0000000783600000| Untracked 
|  55|0x0000000783700000, 0x0000000783700000, 0x0000000783800000|  0%| F|  |TAMS 0x0000000783700000, 0x0000000783700000| Untracked 
|  56|0x0000000783800000, 0x0000000783800000, 0x0000000783900000|  0%| F|  |TAMS 0x0000000783800000, 0x0000000783800000| Untracked 
|  57|0x0000000783900000, 0x0000000783900000, 0x0000000783a00000|  0%| F|  |TAMS 0x0000000783900000, 0x0000000783900000| Untracked 
|  58|0x0000000783a00000, 0x0000000783a00000, 0x0000000783b00000|  0%| F|  |TAMS 0x0000000783a00000, 0x0000000783a00000| Untracked 
|  59|0x0000000783b00000, 0x0000000783b00000, 0x0000000783c00000|  0%| F|  |TAMS 0x0000000783b00000, 0x0000000783b00000| Untracked 
|  60|0x0000000783c00000, 0x0000000783c00000, 0x0000000783d00000|  0%| F|  |TAMS 0x0000000783c00000, 0x0000000783c00000| Untracked 
|  61|0x0000000783d00000, 0x0000000783d00000, 0x0000000783e00000|  0%| F|  |TAMS 0x0000000783d00000, 0x0000000783d00000| Untracked 
|  62|0x0000000783e00000, 0x0000000783e00000, 0x0000000783f00000|  0%| F|  |TAMS 0x0000000783e00000, 0x0000000783e00000| Untracked 
|  63|0x0000000783f00000, 0x0000000783f00000, 0x0000000784000000|  0%| F|  |TAMS 0x0000000783f00000, 0x0000000783f00000| Untracked 
|  64|0x0000000784000000, 0x0000000784000000, 0x0000000784100000|  0%| F|  |TAMS 0x0000000784000000, 0x0000000784000000| Untracked 
|  65|0x0000000784100000, 0x0000000784100000, 0x0000000784200000|  0%| F|  |TAMS 0x0000000784100000, 0x0000000784100000| Untracked 
|  66|0x0000000784200000, 0x0000000784200000, 0x0000000784300000|  0%| F|  |TAMS 0x0000000784200000, 0x0000000784200000| Untracked 
|  67|0x0000000784300000, 0x0000000784300000, 0x0000000784400000|  0%| F|  |TAMS 0x0000000784300000, 0x0000000784300000| Untracked 
|  68|0x0000000784400000, 0x0000000784400000, 0x0000000784500000|  0%| F|  |TAMS 0x0000000784400000, 0x0000000784400000| Untracked 
|  69|0x0000000784500000, 0x0000000784500000, 0x0000000784600000|  0%| F|  |TAMS 0x0000000784500000, 0x0000000784500000| Untracked 
|  70|0x0000000784600000, 0x0000000784600000, 0x0000000784700000|  0%| F|  |TAMS 0x0000000784600000, 0x0000000784600000| Untracked 
|  71|0x0000000784700000, 0x0000000784700000, 0x0000000784800000|  0%| F|  |TAMS 0x0000000784700000, 0x0000000784700000| Untracked 
|  72|0x0000000784800000, 0x0000000784800000, 0x0000000784900000|  0%| F|  |TAMS 0x0000000784800000, 0x0000000784800000| Untracked 
|  73|0x0000000784900000, 0x0000000784900000, 0x0000000784a00000|  0%| F|  |TAMS 0x0000000784900000, 0x0000000784900000| Untracked 
|  74|0x0000000784a00000, 0x0000000784a00000, 0x0000000784b00000|  0%| F|  |TAMS 0x0000000784a00000, 0x0000000784a00000| Untracked 
|  75|0x0000000784b00000, 0x0000000784b00000, 0x0000000784c00000|  0%| F|  |TAMS 0x0000000784b00000, 0x0000000784b00000| Untracked 
|  76|0x0000000784c00000, 0x0000000784c00000, 0x0000000784d00000|  0%| F|  |TAMS 0x0000000784c00000, 0x0000000784c00000| Untracked 
|  77|0x0000000784d00000, 0x0000000784d00000, 0x0000000784e00000|  0%| F|  |TAMS 0x0000000784d00000, 0x0000000784d00000| Untracked 
|  78|0x0000000784e00000, 0x0000000784e00000, 0x0000000784f00000|  0%| F|  |TAMS 0x0000000784e00000, 0x0000000784e00000| Untracked 
|  79|0x0000000784f00000, 0x0000000784f00000, 0x0000000785000000|  0%| F|  |TAMS 0x0000000784f00000, 0x0000000784f00000| Untracked 
|  80|0x0000000785000000, 0x0000000785000000, 0x0000000785100000|  0%| F|  |TAMS 0x0000000785000000, 0x0000000785000000| Untracked 
|  81|0x0000000785100000, 0x0000000785100000, 0x0000000785200000|  0%| F|  |TAMS 0x0000000785100000, 0x0000000785100000| Untracked 
|  82|0x0000000785200000, 0x0000000785200000, 0x0000000785300000|  0%| F|  |TAMS 0x0000000785200000, 0x0000000785200000| Untracked 
|  83|0x0000000785300000, 0x0000000785300000, 0x0000000785400000|  0%| F|  |TAMS 0x0000000785300000, 0x0000000785300000| Untracked 
|  84|0x0000000785400000, 0x0000000785400000, 0x0000000785500000|  0%| F|  |TAMS 0x0000000785400000, 0x0000000785400000| Untracked 
|  85|0x0000000785500000, 0x0000000785500000, 0x0000000785600000|  0%| F|  |TAMS 0x0000000785500000, 0x0000000785500000| Untracked 
|  86|0x0000000785600000, 0x0000000785600000, 0x0000000785700000|  0%| F|  |TAMS 0x0000000785600000, 0x0000000785600000| Untracked 
|  87|0x0000000785700000, 0x0000000785700000, 0x0000000785800000|  0%| F|  |TAMS 0x0000000785700000, 0x0000000785700000| Untracked 
|  88|0x0000000785800000, 0x0000000785800000, 0x0000000785900000|  0%| F|  |TAMS 0x0000000785800000, 0x0000000785800000| Untracked 
|  89|0x0000000785900000, 0x0000000785900000, 0x0000000785a00000|  0%| F|  |TAMS 0x0000000785900000, 0x0000000785900000| Untracked 
|  90|0x0000000785a00000, 0x0000000785a00000, 0x0000000785b00000|  0%| F|  |TAMS 0x0000000785a00000, 0x0000000785a00000| Untracked 
|  91|0x0000000785b00000, 0x0000000785b00000, 0x0000000785c00000|  0%| F|  |TAMS 0x0000000785b00000, 0x0000000785b00000| Untracked 
|  92|0x0000000785c00000, 0x0000000785c00000, 0x0000000785d00000|  0%| F|  |TAMS 0x0000000785c00000, 0x0000000785c00000| Untracked 
|  93|0x0000000785d00000, 0x0000000785d00000, 0x0000000785e00000|  0%| F|  |TAMS 0x0000000785d00000, 0x0000000785d00000| Untracked 
|  94|0x0000000785e00000, 0x0000000785e00000, 0x0000000785f00000|  0%| F|  |TAMS 0x0000000785e00000, 0x0000000785e00000| Untracked 
|  95|0x0000000785f00000, 0x0000000785f00000, 0x0000000786000000|  0%| F|  |TAMS 0x0000000785f00000, 0x0000000785f00000| Untracked 
|  96|0x0000000786000000, 0x0000000786000000, 0x0000000786100000|  0%| F|  |TAMS 0x0000000786000000, 0x0000000786000000| Untracked 
|  97|0x0000000786100000, 0x0000000786100000, 0x0000000786200000|  0%| F|  |TAMS 0x0000000786100000, 0x0000000786100000| Untracked 
|  98|0x0000000786200000, 0x0000000786200000, 0x0000000786300000|  0%| F|  |TAMS 0x0000000786200000, 0x0000000786200000| Untracked 
|  99|0x0000000786300000, 0x0000000786300000, 0x0000000786400000|  0%| F|  |TAMS 0x0000000786300000, 0x0000000786300000| Untracked 
| 100|0x0000000786400000, 0x0000000786400000, 0x0000000786500000|  0%| F|  |TAMS 0x0000000786400000, 0x0000000786400000| Untracked 
| 101|0x0000000786500000, 0x0000000786500000, 0x0000000786600000|  0%| F|  |TAMS 0x0000000786500000, 0x0000000786500000| Untracked 
| 102|0x0000000786600000, 0x0000000786600000, 0x0000000786700000|  0%| F|  |TAMS 0x0000000786600000, 0x0000000786600000| Untracked 
| 103|0x0000000786700000, 0x0000000786700000, 0x0000000786800000|  0%| F|  |TAMS 0x0000000786700000, 0x0000000786700000| Untracked 
| 104|0x0000000786800000, 0x0000000786800000, 0x0000000786900000|  0%| F|  |TAMS 0x0000000786800000, 0x0000000786800000| Untracked 
| 105|0x0000000786900000, 0x0000000786900000, 0x0000000786a00000|  0%| F|  |TAMS 0x0000000786900000, 0x0000000786900000| Untracked 
| 106|0x0000000786a00000, 0x0000000786a00000, 0x0000000786b00000|  0%| F|  |TAMS 0x0000000786a00000, 0x0000000786a00000| Untracked 
| 107|0x0000000786b00000, 0x0000000786b00000, 0x0000000786c00000|  0%| F|  |TAMS 0x0000000786b00000, 0x0000000786b00000| Untracked 
| 108|0x0000000786c00000, 0x0000000786c00000, 0x0000000786d00000|  0%| F|  |TAMS 0x0000000786c00000, 0x0000000786c00000| Untracked 
| 109|0x0000000786d00000, 0x0000000786d00000, 0x0000000786e00000|  0%| F|  |TAMS 0x0000000786d00000, 0x0000000786d00000| Untracked 
| 110|0x0000000786e00000, 0x0000000786e00000, 0x0000000786f00000|  0%| F|  |TAMS 0x0000000786e00000, 0x0000000786e00000| Untracked 
| 111|0x0000000786f00000, 0x0000000786f00000, 0x0000000787000000|  0%| F|  |TAMS 0x0000000786f00000, 0x0000000786f00000| Untracked 
| 112|0x0000000787000000, 0x0000000787000000, 0x0000000787100000|  0%| F|  |TAMS 0x0000000787000000, 0x0000000787000000| Untracked 
| 113|0x0000000787100000, 0x0000000787100000, 0x0000000787200000|  0%| F|  |TAMS 0x0000000787100000, 0x0000000787100000| Untracked 
| 114|0x0000000787200000, 0x0000000787200000, 0x0000000787300000|  0%| F|  |TAMS 0x0000000787200000, 0x0000000787200000| Untracked 
| 115|0x0000000787300000, 0x0000000787300000, 0x0000000787400000|  0%| F|  |TAMS 0x0000000787300000, 0x0000000787300000| Untracked 
| 116|0x0000000787400000, 0x0000000787400000, 0x0000000787500000|  0%| F|  |TAMS 0x0000000787400000, 0x0000000787400000| Untracked 
| 117|0x0000000787500000, 0x0000000787500000, 0x0000000787600000|  0%| F|  |TAMS 0x0000000787500000, 0x0000000787500000| Untracked 
| 118|0x0000000787600000, 0x0000000787600000, 0x0000000787700000|  0%| F|  |TAMS 0x0000000787600000, 0x0000000787600000| Untracked 
| 119|0x0000000787700000, 0x0000000787700000, 0x0000000787800000|  0%| F|  |TAMS 0x0000000787700000, 0x0000000787700000| Untracked 
| 120|0x0000000787800000, 0x0000000787800000, 0x0000000787900000|  0%| F|  |TAMS 0x0000000787800000, 0x0000000787800000| Untracked 
| 121|0x0000000787900000, 0x0000000787900000, 0x0000000787a00000|  0%| F|  |TAMS 0x0000000787900000, 0x0000000787900000| Untracked 
| 122|0x0000000787a00000, 0x0000000787a00000, 0x0000000787b00000|  0%| F|  |TAMS 0x0000000787a00000, 0x0000000787a00000| Untracked 
| 123|0x0000000787b00000, 0x0000000787b00000, 0x0000000787c00000|  0%| F|  |TAMS 0x0000000787b00000, 0x0000000787b00000| Untracked 
| 124|0x0000000787c00000, 0x0000000787c00000, 0x0000000787d00000|  0%| F|  |TAMS 0x0000000787c00000, 0x0000000787c00000| Untracked 
| 125|0x0000000787d00000, 0x0000000787d00000, 0x0000000787e00000|  0%| F|  |TAMS 0x0000000787d00000, 0x0000000787d00000| Untracked 
| 126|0x0000000787e00000, 0x0000000787e00000, 0x0000000787f00000|  0%| F|  |TAMS 0x0000000787e00000, 0x0000000787e00000| Untracked 
| 127|0x0000000787f00000, 0x0000000787f00000, 0x0000000788000000|  0%| F|  |TAMS 0x0000000787f00000, 0x0000000787f00000| Untracked 
| 128|0x0000000788000000, 0x0000000788000000, 0x0000000788100000|  0%| F|  |TAMS 0x0000000788000000, 0x0000000788000000| Untracked 
| 129|0x0000000788100000, 0x0000000788100000, 0x0000000788200000|  0%| F|  |TAMS 0x0000000788100000, 0x0000000788100000| Untracked 
| 130|0x0000000788200000, 0x0000000788200000, 0x0000000788300000|  0%| F|  |TAMS 0x0000000788200000, 0x0000000788200000| Untracked 
| 131|0x0000000788300000, 0x0000000788300000, 0x0000000788400000|  0%| F|  |TAMS 0x0000000788300000, 0x0000000788300000| Untracked 
| 132|0x0000000788400000, 0x0000000788400000, 0x0000000788500000|  0%| F|  |TAMS 0x0000000788400000, 0x0000000788400000| Untracked 
| 133|0x0000000788500000, 0x0000000788500000, 0x0000000788600000|  0%| F|  |TAMS 0x0000000788500000, 0x0000000788500000| Untracked 
| 134|0x0000000788600000, 0x0000000788600000, 0x0000000788700000|  0%| F|  |TAMS 0x0000000788600000, 0x0000000788600000| Untracked 
| 135|0x0000000788700000, 0x0000000788700000, 0x0000000788800000|  0%| F|  |TAMS 0x0000000788700000, 0x0000000788700000| Untracked 
| 136|0x0000000788800000, 0x0000000788800000, 0x0000000788900000|  0%| F|  |TAMS 0x0000000788800000, 0x0000000788800000| Untracked 
| 137|0x0000000788900000, 0x0000000788900000, 0x0000000788a00000|  0%| F|  |TAMS 0x0000000788900000, 0x0000000788900000| Untracked 
| 138|0x0000000788a00000, 0x0000000788a00000, 0x0000000788b00000|  0%| F|  |TAMS 0x0000000788a00000, 0x0000000788a00000| Untracked 
| 139|0x0000000788b00000, 0x0000000788b00000, 0x0000000788c00000|  0%| F|  |TAMS 0x0000000788b00000, 0x0000000788b00000| Untracked 
| 140|0x0000000788c00000, 0x0000000788c00000, 0x0000000788d00000|  0%| F|  |TAMS 0x0000000788c00000, 0x0000000788c00000| Untracked 
| 141|0x0000000788d00000, 0x0000000788d00000, 0x0000000788e00000|  0%| F|  |TAMS 0x0000000788d00000, 0x0000000788d00000| Untracked 
| 142|0x0000000788e00000, 0x0000000788e00000, 0x0000000788f00000|  0%| F|  |TAMS 0x0000000788e00000, 0x0000000788e00000| Untracked 
| 143|0x0000000788f00000, 0x0000000788f00000, 0x0000000789000000|  0%| F|  |TAMS 0x0000000788f00000, 0x0000000788f00000| Untracked 
| 144|0x0000000789000000, 0x0000000789000000, 0x0000000789100000|  0%| F|  |TAMS 0x0000000789000000, 0x0000000789000000| Untracked 
| 145|0x0000000789100000, 0x0000000789100000, 0x0000000789200000|  0%| F|  |TAMS 0x0000000789100000, 0x0000000789100000| Untracked 
| 146|0x0000000789200000, 0x0000000789200000, 0x0000000789300000|  0%| F|  |TAMS 0x0000000789200000, 0x0000000789200000| Untracked 
| 147|0x0000000789300000, 0x0000000789300000, 0x0000000789400000|  0%| F|  |TAMS 0x0000000789300000, 0x0000000789300000| Untracked 
| 148|0x0000000789400000, 0x0000000789400000, 0x0000000789500000|  0%| F|  |TAMS 0x0000000789400000, 0x0000000789400000| Untracked 
| 149|0x0000000789500000, 0x0000000789500000, 0x0000000789600000|  0%| F|  |TAMS 0x0000000789500000, 0x0000000789500000| Untracked 
| 150|0x0000000789600000, 0x0000000789600000, 0x0000000789700000|  0%| F|  |TAMS 0x0000000789600000, 0x0000000789600000| Untracked 
| 151|0x0000000789700000, 0x0000000789700000, 0x0000000789800000|  0%| F|  |TAMS 0x0000000789700000, 0x0000000789700000| Untracked 
| 152|0x0000000789800000, 0x0000000789800000, 0x0000000789900000|  0%| F|  |TAMS 0x0000000789800000, 0x0000000789800000| Untracked 
| 153|0x0000000789900000, 0x0000000789900000, 0x0000000789a00000|  0%| F|  |TAMS 0x0000000789900000, 0x0000000789900000| Untracked 
| 154|0x0000000789a00000, 0x0000000789a00000, 0x0000000789b00000|  0%| F|  |TAMS 0x0000000789a00000, 0x0000000789a00000| Untracked 
| 155|0x0000000789b00000, 0x0000000789b00000, 0x0000000789c00000|  0%| F|  |TAMS 0x0000000789b00000, 0x0000000789b00000| Untracked 
| 156|0x0000000789c00000, 0x0000000789c00000, 0x0000000789d00000|  0%| F|  |TAMS 0x0000000789c00000, 0x0000000789c00000| Untracked 
| 157|0x0000000789d00000, 0x0000000789d00000, 0x0000000789e00000|  0%| F|  |TAMS 0x0000000789d00000, 0x0000000789d00000| Untracked 
| 158|0x0000000789e00000, 0x0000000789e00000, 0x0000000789f00000|  0%| F|  |TAMS 0x0000000789e00000, 0x0000000789e00000| Untracked 
| 159|0x0000000789f00000, 0x0000000789f00000, 0x000000078a000000|  0%| F|  |TAMS 0x0000000789f00000, 0x0000000789f00000| Untracked 
| 160|0x000000078a000000, 0x000000078a000000, 0x000000078a100000|  0%| F|  |TAMS 0x000000078a000000, 0x000000078a000000| Untracked 
| 161|0x000000078a100000, 0x000000078a100000, 0x000000078a200000|  0%| F|  |TAMS 0x000000078a100000, 0x000000078a100000| Untracked 
| 162|0x000000078a200000, 0x000000078a200000, 0x000000078a300000|  0%| F|  |TAMS 0x000000078a200000, 0x000000078a200000| Untracked 
| 163|0x000000078a300000, 0x000000078a300000, 0x000000078a400000|  0%| F|  |TAMS 0x000000078a300000, 0x000000078a300000| Untracked 
| 164|0x000000078a400000, 0x000000078a400000, 0x000000078a500000|  0%| F|  |TAMS 0x000000078a400000, 0x000000078a400000| Untracked 
| 165|0x000000078a500000, 0x000000078a500000, 0x000000078a600000|  0%| F|  |TAMS 0x000000078a500000, 0x000000078a500000| Untracked 
| 166|0x000000078a600000, 0x000000078a600000, 0x000000078a700000|  0%| F|  |TAMS 0x000000078a600000, 0x000000078a600000| Untracked 
| 167|0x000000078a700000, 0x000000078a700000, 0x000000078a800000|  0%| F|  |TAMS 0x000000078a700000, 0x000000078a700000| Untracked 
| 168|0x000000078a800000, 0x000000078a800000, 0x000000078a900000|  0%| F|  |TAMS 0x000000078a800000, 0x000000078a800000| Untracked 
| 169|0x000000078a900000, 0x000000078a900000, 0x000000078aa00000|  0%| F|  |TAMS 0x000000078a900000, 0x000000078a900000| Untracked 
| 170|0x000000078aa00000, 0x000000078aa00000, 0x000000078ab00000|  0%| F|  |TAMS 0x000000078aa00000, 0x000000078aa00000| Untracked 
| 171|0x000000078ab00000, 0x000000078ab00000, 0x000000078ac00000|  0%| F|  |TAMS 0x000000078ab00000, 0x000000078ab00000| Untracked 
| 172|0x000000078ac00000, 0x000000078ac00000, 0x000000078ad00000|  0%| F|  |TAMS 0x000000078ac00000, 0x000000078ac00000| Untracked 
| 173|0x000000078ad00000, 0x000000078ad00000, 0x000000078ae00000|  0%| F|  |TAMS 0x000000078ad00000, 0x000000078ad00000| Untracked 
| 174|0x000000078ae00000, 0x000000078ae00000, 0x000000078af00000|  0%| F|  |TAMS 0x000000078ae00000, 0x000000078ae00000| Untracked 
| 175|0x000000078af00000, 0x000000078af00000, 0x000000078b000000|  0%| F|  |TAMS 0x000000078af00000, 0x000000078af00000| Untracked 
| 176|0x000000078b000000, 0x000000078b000000, 0x000000078b100000|  0%| F|  |TAMS 0x000000078b000000, 0x000000078b000000| Untracked 
| 177|0x000000078b100000, 0x000000078b100000, 0x000000078b200000|  0%| F|  |TAMS 0x000000078b100000, 0x000000078b100000| Untracked 
| 178|0x000000078b200000, 0x000000078b200000, 0x000000078b300000|  0%| F|  |TAMS 0x000000078b200000, 0x000000078b200000| Untracked 
| 179|0x000000078b300000, 0x000000078b300000, 0x000000078b400000|  0%| F|  |TAMS 0x000000078b300000, 0x000000078b300000| Untracked 
| 180|0x000000078b400000, 0x000000078b400000, 0x000000078b500000|  0%| F|  |TAMS 0x000000078b400000, 0x000000078b400000| Untracked 
| 181|0x000000078b500000, 0x000000078b500000, 0x000000078b600000|  0%| F|  |TAMS 0x000000078b500000, 0x000000078b500000| Untracked 
| 182|0x000000078b600000, 0x000000078b600000, 0x000000078b700000|  0%| F|  |TAMS 0x000000078b600000, 0x000000078b600000| Untracked 
| 183|0x000000078b700000, 0x000000078b700000, 0x000000078b800000|  0%| F|  |TAMS 0x000000078b700000, 0x000000078b700000| Untracked 
| 184|0x000000078b800000, 0x000000078b800000, 0x000000078b900000|  0%| F|  |TAMS 0x000000078b800000, 0x000000078b800000| Untracked 
| 185|0x000000078b900000, 0x000000078b900000, 0x000000078ba00000|  0%| F|  |TAMS 0x000000078b900000, 0x000000078b900000| Untracked 
| 186|0x000000078ba00000, 0x000000078ba00000, 0x000000078bb00000|  0%| F|  |TAMS 0x000000078ba00000, 0x000000078ba00000| Untracked 
| 187|0x000000078bb00000, 0x000000078bb00000, 0x000000078bc00000|  0%| F|  |TAMS 0x000000078bb00000, 0x000000078bb00000| Untracked 
| 188|0x000000078bc00000, 0x000000078bc00000, 0x000000078bd00000|  0%| F|  |TAMS 0x000000078bc00000, 0x000000078bc00000| Untracked 
| 189|0x000000078bd00000, 0x000000078bd00000, 0x000000078be00000|  0%| F|  |TAMS 0x000000078bd00000, 0x000000078bd00000| Untracked 
| 190|0x000000078be00000, 0x000000078be00000, 0x000000078bf00000|  0%| F|  |TAMS 0x000000078be00000, 0x000000078be00000| Untracked 
| 191|0x000000078bf00000, 0x000000078bf00000, 0x000000078c000000|  0%| F|  |TAMS 0x000000078bf00000, 0x000000078bf00000| Untracked 
| 192|0x000000078c000000, 0x000000078c000000, 0x000000078c100000|  0%| F|  |TAMS 0x000000078c000000, 0x000000078c000000| Untracked 
| 193|0x000000078c100000, 0x000000078c100000, 0x000000078c200000|  0%| F|  |TAMS 0x000000078c100000, 0x000000078c100000| Untracked 
| 194|0x000000078c200000, 0x000000078c300000, 0x000000078c300000|100%| E|CS|TAMS 0x000000078c200000, 0x000000078c200000| Complete 
| 195|0x000000078c300000, 0x000000078c400000, 0x000000078c400000|100%| E|CS|TAMS 0x000000078c300000, 0x000000078c300000| Complete 
| 196|0x000000078c400000, 0x000000078c500000, 0x000000078c500000|100%| E|CS|TAMS 0x000000078c400000, 0x000000078c400000| Complete 
| 197|0x000000078c500000, 0x000000078c600000, 0x000000078c600000|100%| E|CS|TAMS 0x000000078c500000, 0x000000078c500000| Complete 
| 198|0x000000078c600000, 0x000000078c700000, 0x000000078c700000|100%| E|CS|TAMS 0x000000078c600000, 0x000000078c600000| Complete 
| 199|0x000000078c700000, 0x000000078c800000, 0x000000078c800000|100%| E|CS|TAMS 0x000000078c700000, 0x000000078c700000| Complete 
| 200|0x000000078c800000, 0x000000078c900000, 0x000000078c900000|100%| E|CS|TAMS 0x000000078c800000, 0x000000078c800000| Complete 
| 201|0x000000078c900000, 0x000000078c900000, 0x000000078ca00000|  0%| F|  |TAMS 0x000000078c900000, 0x000000078c900000| Untracked 
| 202|0x000000078ca00000, 0x000000078ca00000, 0x000000078cb00000|  0%| F|  |TAMS 0x000000078ca00000, 0x000000078ca00000| Untracked 
| 203|0x000000078cb00000, 0x000000078cb00000, 0x000000078cc00000|  0%| F|  |TAMS 0x000000078cb00000, 0x000000078cb00000| Untracked 
| 204|0x000000078cc00000, 0x000000078cc00000, 0x000000078cd00000|  0%| F|  |TAMS 0x000000078cc00000, 0x000000078cc00000| Untracked 
| 205|0x000000078cd00000, 0x000000078cd00000, 0x000000078ce00000|  0%| F|  |TAMS 0x000000078cd00000, 0x000000078cd00000| Untracked 
| 206|0x000000078ce00000, 0x000000078ce00000, 0x000000078cf00000|  0%| F|  |TAMS 0x000000078ce00000, 0x000000078ce00000| Untracked 
| 207|0x000000078cf00000, 0x000000078cf00000, 0x000000078d000000|  0%| F|  |TAMS 0x000000078cf00000, 0x000000078cf00000| Untracked 
| 208|0x000000078d000000, 0x000000078d000000, 0x000000078d100000|  0%| F|  |TAMS 0x000000078d000000, 0x000000078d000000| Untracked 
| 209|0x000000078d100000, 0x000000078d100000, 0x000000078d200000|  0%| F|  |TAMS 0x000000078d100000, 0x000000078d100000| Untracked 
| 210|0x000000078d200000, 0x000000078d200000, 0x000000078d300000|  0%| F|  |TAMS 0x000000078d200000, 0x000000078d200000| Untracked 
| 211|0x000000078d300000, 0x000000078d300000, 0x000000078d400000|  0%| F|  |TAMS 0x000000078d300000, 0x000000078d300000| Untracked 
| 212|0x000000078d400000, 0x000000078d400000, 0x000000078d500000|  0%| F|  |TAMS 0x000000078d400000, 0x000000078d400000| Untracked 
| 213|0x000000078d500000, 0x000000078d500000, 0x000000078d600000|  0%| F|  |TAMS 0x000000078d500000, 0x000000078d500000| Untracked 
| 214|0x000000078d600000, 0x000000078d600000, 0x000000078d700000|  0%| F|  |TAMS 0x000000078d600000, 0x000000078d600000| Untracked 
| 215|0x000000078d700000, 0x000000078d700000, 0x000000078d800000|  0%| F|  |TAMS 0x000000078d700000, 0x000000078d700000| Untracked 
| 216|0x000000078d800000, 0x000000078d800000, 0x000000078d900000|  0%| F|  |TAMS 0x000000078d800000, 0x000000078d800000| Untracked 
| 217|0x000000078d900000, 0x000000078d900000, 0x000000078da00000|  0%| F|  |TAMS 0x000000078d900000, 0x000000078d900000| Untracked 
| 218|0x000000078da00000, 0x000000078da00000, 0x000000078db00000|  0%| F|  |TAMS 0x000000078da00000, 0x000000078da00000| Untracked 
| 219|0x000000078db00000, 0x000000078db00000, 0x000000078dc00000|  0%| F|  |TAMS 0x000000078db00000, 0x000000078db00000| Untracked 
| 220|0x000000078dc00000, 0x000000078dc00000, 0x000000078dd00000|  0%| F|  |TAMS 0x000000078dc00000, 0x000000078dc00000| Untracked 
| 221|0x000000078dd00000, 0x000000078dd00000, 0x000000078de00000|  0%| F|  |TAMS 0x000000078dd00000, 0x000000078dd00000| Untracked 
| 222|0x000000078de00000, 0x000000078de00000, 0x000000078df00000|  0%| F|  |TAMS 0x000000078de00000, 0x000000078de00000| Untracked 
| 223|0x000000078df00000, 0x000000078df00000, 0x000000078e000000|  0%| F|  |TAMS 0x000000078df00000, 0x000000078df00000| Untracked 
| 224|0x000000078e000000, 0x000000078e000000, 0x000000078e100000|  0%| F|  |TAMS 0x000000078e000000, 0x000000078e000000| Untracked 
| 225|0x000000078e100000, 0x000000078e100000, 0x000000078e200000|  0%| F|  |TAMS 0x000000078e100000, 0x000000078e100000| Untracked 
| 226|0x000000078e200000, 0x000000078e200000, 0x000000078e300000|  0%| F|  |TAMS 0x000000078e200000, 0x000000078e200000| Untracked 
| 227|0x000000078e300000, 0x000000078e300000, 0x000000078e400000|  0%| F|  |TAMS 0x000000078e300000, 0x000000078e300000| Untracked 
| 228|0x000000078e400000, 0x000000078e400000, 0x000000078e500000|  0%| F|  |TAMS 0x000000078e400000, 0x000000078e400000| Untracked 
| 229|0x000000078e500000, 0x000000078e500000, 0x000000078e600000|  0%| F|  |TAMS 0x000000078e500000, 0x000000078e500000| Untracked 
| 230|0x000000078e600000, 0x000000078e600000, 0x000000078e700000|  0%| F|  |TAMS 0x000000078e600000, 0x000000078e600000| Untracked 
| 231|0x000000078e700000, 0x000000078e700000, 0x000000078e800000|  0%| F|  |TAMS 0x000000078e700000, 0x000000078e700000| Untracked 
| 232|0x000000078e800000, 0x000000078e800000, 0x000000078e900000|  0%| F|  |TAMS 0x000000078e800000, 0x000000078e800000| Untracked 
| 233|0x000000078e900000, 0x000000078e918c40, 0x000000078ea00000|  9%| S|  |TAMS 0x000000078e900000, 0x000000078e900000| Complete 
| 234|0x000000078ea00000, 0x000000078eb00000, 0x000000078eb00000|100%| S|  |TAMS 0x000000078ea00000, 0x000000078ea00000| Complete 
| 235|0x000000078eb00000, 0x000000078ec00000, 0x000000078ec00000|100%| S|  |TAMS 0x000000078eb00000, 0x000000078eb00000| Complete 
| 236|0x000000078ec00000, 0x000000078ed00000, 0x000000078ed00000|100%| E|CS|TAMS 0x000000078ec00000, 0x000000078ec00000| Complete 
| 237|0x000000078ed00000, 0x000000078ee00000, 0x000000078ee00000|100%| E|CS|TAMS 0x000000078ed00000, 0x000000078ed00000| Complete 
| 238|0x000000078ee00000, 0x000000078ef00000, 0x000000078ef00000|100%| E|CS|TAMS 0x000000078ee00000, 0x000000078ee00000| Complete 
| 239|0x000000078ef00000, 0x000000078f000000, 0x000000078f000000|100%| E|CS|TAMS 0x000000078ef00000, 0x000000078ef00000| Complete 
| 240|0x000000078f000000, 0x000000078f100000, 0x000000078f100000|100%| E|CS|TAMS 0x000000078f000000, 0x000000078f000000| Complete 
| 241|0x000000078f100000, 0x000000078f200000, 0x000000078f200000|100%| E|CS|TAMS 0x000000078f100000, 0x000000078f100000| Complete 
| 242|0x000000078f200000, 0x000000078f300000, 0x000000078f300000|100%| E|CS|TAMS 0x000000078f200000, 0x000000078f200000| Complete 
| 243|0x000000078f300000, 0x000000078f400000, 0x000000078f400000|100%| E|CS|TAMS 0x000000078f300000, 0x000000078f300000| Complete 
| 244|0x000000078f400000, 0x000000078f500000, 0x000000078f500000|100%| E|CS|TAMS 0x000000078f400000, 0x000000078f400000| Complete 
| 245|0x000000078f500000, 0x000000078f600000, 0x000000078f600000|100%| E|CS|TAMS 0x000000078f500000, 0x000000078f500000| Complete 
| 246|0x000000078f600000, 0x000000078f700000, 0x000000078f700000|100%| E|CS|TAMS 0x000000078f600000, 0x000000078f600000| Complete 
| 247|0x000000078f700000, 0x000000078f800000, 0x000000078f800000|100%| E|CS|TAMS 0x000000078f700000, 0x000000078f700000| Complete 
| 248|0x000000078f800000, 0x000000078f900000, 0x000000078f900000|100%| E|CS|TAMS 0x000000078f800000, 0x000000078f800000| Complete 
| 249|0x000000078f900000, 0x000000078fa00000, 0x000000078fa00000|100%| E|CS|TAMS 0x000000078f900000, 0x000000078f900000| Complete 
| 250|0x000000078fa00000, 0x000000078fb00000, 0x000000078fb00000|100%| E|CS|TAMS 0x000000078fa00000, 0x000000078fa00000| Complete 
| 251|0x000000078fb00000, 0x000000078fc00000, 0x000000078fc00000|100%| E|CS|TAMS 0x000000078fb00000, 0x000000078fb00000| Complete 
| 252|0x000000078fc00000, 0x000000078fd00000, 0x000000078fd00000|100%| E|CS|TAMS 0x000000078fc00000, 0x000000078fc00000| Complete 
| 253|0x000000078fd00000, 0x000000078fe00000, 0x000000078fe00000|100%| E|CS|TAMS 0x000000078fd00000, 0x000000078fd00000| Complete 
| 254|0x000000078fe00000, 0x000000078ff00000, 0x000000078ff00000|100%| E|CS|TAMS 0x000000078fe00000, 0x000000078fe00000| Complete 
| 255|0x000000078ff00000, 0x0000000790000000, 0x0000000790000000|100%| E|CS|TAMS 0x000000078ff00000, 0x000000078ff00000| Complete 

Card table byte_map: [0x0000000105cbd000,0x00000001060bd000] _byte_map_base: 0x00000001020bd000

Marking Bits (Prev, Next): (CMBitMap*) 0x00007fcb3a83ac18, (CMBitMap*) 0x00007fcb3a83ac50
 Prev Bits: [0x00000001156f0000, 0x00000001176f0000)
 Next Bits: [0x00000001176f0000, 0x00000001196f0000)

Polling page: 0x000000010017e000

Metaspace:

Usage:
  Non-class:     15.51 MB capacity,    15.22 MB ( 98%) used,   267.22 KB (  2%) free+waste,    30.31 KB ( <1%) overhead. 
      Class:      2.10 MB capacity,     2.00 MB ( 95%) used,    93.19 KB (  4%) free+waste,    14.56 KB ( <1%) overhead. 
       Both:     17.62 MB capacity,    17.22 MB ( 98%) used,   360.41 KB (  2%) free+waste,    44.88 KB ( <1%) overhead. 

Virtual space:
  Non-class space:       16.00 MB reserved,      15.75 MB ( 98%) committed 
      Class space:        1.00 GB reserved,       2.12 MB ( <1%) committed 
             Both:        1.02 GB reserved,      17.88 MB (  2%) committed 

Chunk freelists:
   Non-Class:  33.00 KB
       Class:  23.00 KB
        Both:  56.00 KB

MaxMetaspaceSize: unlimited
CompressedClassSpaceSize: 1.00 GB
Initial GC threshold: 20.80 MB
Current GC threshold: 20.80 MB
CDS: off

CodeHeap 'non-profiled nmethods': size=120032Kb used=675Kb max_used=675Kb free=119356Kb
 bounds [0x000000010e1b8000, 0x000000010e428000, 0x00000001156f0000]
CodeHeap 'profiled nmethods': size=120032Kb used=3532Kb max_used=3532Kb free=116499Kb
 bounds [0x0000000106c80000, 0x0000000107000000, 0x000000010e1b8000]
CodeHeap 'non-nmethods': size=5696Kb used=1181Kb max_used=1198Kb free=4514Kb
 bounds [0x00000001066f0000, 0x0000000106960000, 0x0000000106c80000]
 total_blobs=2120 nmethods=1666 adapters=368
 compilation: enabled
              stopped_count=0, restarted_count=0
 full_count=0

Compilation events (20 events):
Event: 8.664 Thread 0x00007fcb3a879000 nmethod 1671 0x0000000106fea810 code [0x0000000106feaca0, 0x0000000106fee110]
Event: 8.667 Thread 0x00007fcb3a879000 1674       3       java.lang.Package$VersionInfo::<init> (44 bytes)
Event: 8.668 Thread 0x00007fcb3a879000 nmethod 1674 0x0000000106fefa10 code [0x0000000106fefbe0, 0x0000000106ff0010]
Event: 8.668 Thread 0x00007fcb3b08b000 nmethod 1654 0x000000010e25fc90 code [0x000000010e25fe20, 0x000000010e260038]
Event: 8.668 Thread 0x00007fcb3b08b000 1672       4       sun.nio.fs.MacOSXFileSystem::normalizeNativePath (42 bytes)
Event: 8.670 Thread 0x00007fcb3a879000 1675       3       java.util.LinkedList::<init> (10 bytes)
Event: 8.671 Thread 0x00007fcb3a879000 nmethod 1675 0x0000000106ff0110 code [0x0000000106ff02e0, 0x0000000106ff0550]
Event: 8.696 Thread 0x00007fcb3a879000 1676       3       java.lang.invoke.MethodHandleNatives::isCallerSensitive (29 bytes)
Event: 8.696 Thread 0x00007fcb3a879000 nmethod 1676 0x0000000106ff0690 code [0x0000000106ff0880, 0x0000000106ff0de0]
Event: 8.696 Thread 0x00007fcb3a879000 1677       3       java.lang.invoke.MethodHandleNatives::canBeCalledVirtual (93 bytes)
Event: 8.698 Thread 0x00007fcb3a879000 nmethod 1677 0x0000000106ff0f90 code [0x0000000106ff11a0, 0x0000000106ff1710]
Event: 8.702 Thread 0x00007fcb3b08b000 nmethod 1672 0x000000010e260210 code [0x000000010e2603a0, 0x000000010e260578]
Event: 8.702 Thread 0x00007fcb3b08b000 1642       4       java.lang.String::checkBoundsOffCount (61 bytes)
Event: 8.705 Thread 0x00007fcb3b08b000 nmethod 1642 0x000000010e260690 code [0x000000010e260820, 0x000000010e2608b8]
Event: 8.705 Thread 0x00007fcb3b08b000 1652       4       jdk.internal.loader.URLClassPath$JarLoader$2::getCodeSourceURL (8 bytes)
Event: 8.706 Thread 0x00007fcb3b08b000 nmethod 1652 0x000000010e260990 code [0x000000010e260b20, 0x000000010e260b98]
Event: 8.722 Thread 0x00007fcb3b08b000 1678       4       java.lang.String::replace (42 bytes)
Event: 8.752 Thread 0x00007fcb3a879000 1680       3       org.gradle.internal.service.RelevantMethodsBuilder::add (104 bytes)
Event: 8.754 Thread 0x00007fcb3a879000 nmethod 1680 0x0000000106ff1910 code [0x0000000106ff1c00, 0x0000000106ff2b20]
Event: 8.754 Thread 0x00007fcb3a879000 1683       3       java.lang.reflect.Method::setAccessible (21 bytes)

GC Heap History (5 events):
Event: 1.923 GC heap before
{Heap before GC invocations=0 (full 0):
 garbage-first heap   total 262144K, used 16384K [0x0000000780000000, 0x0000000800000000)
  region size 1024K, 14 young (14336K), 0 survivors (0K)
 Metaspace       used 6647K, capacity 6837K, committed 7040K, reserved 1056768K
  class space    used 562K, capacity 618K, committed 640K, reserved 1048576K
}
Event: 1.927 GC heap after
{Heap after GC invocations=1 (full 0):
 garbage-first heap   total 262144K, used 3995K [0x0000000780000000, 0x0000000800000000)
  region size 1024K, 2 young (2048K), 2 survivors (2048K)
 Metaspace       used 6647K, capacity 6837K, committed 7040K, reserved 1056768K
  class space    used 562K, capacity 618K, committed 640K, reserved 1048576K
}
Event: 5.850 GC heap before
{Heap before GC invocations=1 (full 0):
 garbage-first heap   total 262144K, used 61339K [0x0000000780000000, 0x0000000800000000)
  region size 1024K, 55 young (56320K), 2 survivors (2048K)
 Metaspace       used 11559K, capacity 11803K, committed 12160K, reserved 1060864K
  class space    used 1244K, capacity 1318K, committed 1408K, reserved 1048576K
}
Event: 5.868 GC heap after
{Heap after GC invocations=2 (full 0):
 garbage-first heap   total 262144K, used 14605K [0x0000000780000000, 0x0000000800000000)
  region size 1024K, 7 young (7168K), 7 survivors (7168K)
 Metaspace       used 11559K, capacity 11803K, committed 12160K, reserved 1060864K
  class space    used 1244K, capacity 1318K, committed 1408K, reserved 1048576K
}
Event: 8.755 GC heap before
{Heap before GC invocations=2 (full 0):
 garbage-first heap   total 262144K, used 35085K [0x0000000780000000, 0x0000000800000000)
  region size 1024K, 27 young (27648K), 7 survivors (7168K)
 Metaspace       used 17634K, capacity 18040K, committed 18304K, reserved 1064960K
  class space    used 2045K, capacity 2153K, committed 2176K, reserved 1048576K
}

Deoptimization events (20 events):
Event: 7.545 Thread 0x00007fcb3a812800 DEOPT PACKING pc=0x000000010e220424 sp=0x000070000f6f0010
Event: 7.545 Thread 0x00007fcb3a812800 DEOPT UNPACKING pc=0x0000000106739ea5 sp=0x000070000f6effc8 mode 2
Event: 7.545 Thread 0x00007fcb3a812800 Uncommon trap: trap_request=0xffffffc6 fr.pc=0x000000010e220804 relative=0x0000000000000144
Event: 7.545 Thread 0x00007fcb3a812800 Uncommon trap: reason=bimorphic_or_optimized_type_check action=maybe_recompile pc=0x000000010e220804 method=java.util.AbstractList$Itr.next()Ljava/lang/Object; @ 14 c2
Event: 7.545 Thread 0x00007fcb3a812800 DEOPT PACKING pc=0x000000010e220804 sp=0x000070000f6f0000
Event: 7.545 Thread 0x00007fcb3a812800 DEOPT UNPACKING pc=0x0000000106739ea5 sp=0x000070000f6effb8 mode 2
Event: 7.956 Thread 0x00007fcb3a812800 Uncommon trap: trap_request=0xffffffc6 fr.pc=0x000000010e220424 relative=0x0000000000000084
Event: 7.956 Thread 0x00007fcb3a812800 Uncommon trap: reason=bimorphic_or_optimized_type_check action=maybe_recompile pc=0x000000010e220424 method=java.util.AbstractList$Itr.hasNext()Z @ 8 c2
Event: 7.956 Thread 0x00007fcb3a812800 DEOPT PACKING pc=0x000000010e220424 sp=0x000070000f6ef6a0
Event: 7.956 Thread 0x00007fcb3a812800 DEOPT UNPACKING pc=0x0000000106739ea5 sp=0x000070000f6ef658 mode 2
Event: 7.956 Thread 0x00007fcb3a812800 Uncommon trap: trap_request=0xffffffc6 fr.pc=0x000000010e220804 relative=0x0000000000000144
Event: 7.956 Thread 0x00007fcb3a812800 Uncommon trap: reason=bimorphic_or_optimized_type_check action=maybe_recompile pc=0x000000010e220804 method=java.util.AbstractList$Itr.next()Ljava/lang/Object; @ 14 c2
Event: 7.956 Thread 0x00007fcb3a812800 DEOPT PACKING pc=0x000000010e220804 sp=0x000070000f6ef690
Event: 7.956 Thread 0x00007fcb3a812800 DEOPT UNPACKING pc=0x0000000106739ea5 sp=0x000070000f6ef648 mode 2
Event: 8.376 Thread 0x00007fcb3d9e2800 Uncommon trap: trap_request=0xffffff4d fr.pc=0x000000010e249de0 relative=0x0000000000001320
Event: 8.376 Thread 0x00007fcb3d9e2800 Uncommon trap: reason=unstable_if action=reinterpret pc=0x000000010e249de0 method=java.util.concurrent.ConcurrentHashMap.putVal(Ljava/lang/Object;Ljava/lang/Object;Z)Ljava/lang/Object; @ 231 c2
Event: 8.376 Thread 0x00007fcb3d9e2800 DEOPT PACKING pc=0x000000010e249de0 sp=0x0000700011140c90
Event: 8.376 Thread 0x00007fcb3d9e2800 DEOPT UNPACKING pc=0x0000000106739ea5 sp=0x0000700011140c10 mode 2
Event: 8.666 Thread 0x00007fcb3c601800 DEOPT PACKING pc=0x0000000106d32401 sp=0x0000700011342a30
Event: 8.666 Thread 0x00007fcb3c601800 DEOPT UNPACKING pc=0x000000010673a64a sp=0x0000700011341ec8 mode 0

Classes redefined (0 events):
No events

Internal exceptions (16 events):
Event: 0.726 Thread 0x00007fcb3a812800 Exception <a 'java/lang/NoSuchMethodError'{0x000000078fd04930}: 'int java.lang.invoke.DirectMethodHandle$Holder.invokeStaticInit(java.lang.Object, java.lang.Object)'> (0x000000078fd04930) thrown at [src/hotspot/share/interpreter/linkResolver.cpp, line 773]
Event: 0.843 Thread 0x00007fcb3a812800 Exception <a 'java/lang/NoSuchMethodError'{0x000000078fdedae8}: 'int java.lang.invoke.DirectMethodHandle$Holder.invokeSpecial(java.lang.Object, java.lang.Object, java.lang.Object, java.lang.Object)'> (0x000000078fdedae8) thrown at [src/hotspot/share/interpreter/linkResolver.cpp, line 773]
Event: 0.882 Thread 0x00007fcb3a812800 Exception <a 'java/lang/NoSuchMethodError'{0x000000078fc2e808}: 'int java.lang.invoke.DirectMethodHandle$Holder.invokeSpecialIFC(java.lang.Object, java.lang.Object, int)'> (0x000000078fc2e808) thrown at [src/hotspot/share/interpreter/linkResolver.cpp, line 773]
Event: 2.015 Thread 0x00007fcb3a812800 Exception <a 'java/lang/NoClassDefFoundError'{0x000000078fff2848}: org/slf4j/impl/StaticMarkerBinder> (0x000000078fff2848) thrown at [src/hotspot/share/classfile/systemDictionary.cpp, line 220]
Event: 2.613 Thread 0x00007fcb3a812800 Exception <a 'java/lang/NoSuchMethodError'{0x000000078fb5e188}: 'java.lang.Object java.lang.invoke.DirectMethodHandle$Holder.invokeVirtual(java.lang.Object, java.lang.Object, java.lang.Object, java.lang.Object, java.lang.Object, java.lang.Object, java.lang.Object)'> (0x000000078fb5e188) thrown at [src/hotspot/share/interpreter/linkResolver.cpp, line 773]
Event: 2.629 Thread 0x00007fcb3a812800 Exception <a 'java/lang/NoSuchMethodError'{0x000000078fb725f8}: 'java.lang.Object java.lang.invoke.Invokers$Holder.invoker(java.lang.Object, java.lang.Object, java.lang.Object)'> (0x000000078fb725f8) thrown at [src/hotspot/share/interpreter/linkResolver.cpp, line 773]
Event: 2.670 Thread 0x00007fcb3a812800 Exception <a 'java/lang/NoSuchMethodError'{0x000000078fb838b0}: 'void java.lang.invoke.DelegatingMethodHandle$Holder.delegate(java.lang.Object, java.lang.Object, int, java.lang.Object)'> (0x000000078fb838b0) thrown at [src/hotspot/share/interpreter/linkResolver.cpp, line 773]
Event: 5.304 Thread 0x00007fcb3a812800 Exception <a 'java/security/PrivilegedActionException'{0x000000078d53eaf8}> (0x000000078d53eaf8) thrown at [src/hotspot/share/prims/jvm.cpp, line 1306]
Event: 5.304 Thread 0x00007fcb3a812800 Exception <a 'java/security/PrivilegedActionException'{0x000000078d53f070}> (0x000000078d53f070) thrown at [src/hotspot/share/prims/jvm.cpp, line 1306]
Event: 6.592 Thread 0x00007fcb3a812800 Exception <a 'java/lang/NoSuchMethodError'{0x000000078fc85160}: 'java.lang.Object java.lang.invoke.DirectMethodHandle$Holder.invokeStaticInit(java.lang.Object, java.lang.Object, java.lang.Object)'> (0x000000078fc85160) thrown at [src/hotspot/share/interpreter/linkResolver.cpp, line 773]
Event: 8.384 Thread 0x00007fcb3d9e2800 Exception <a 'java/lang/NoSuchMethodError'{0x000000078f254820}: <clinit>> (0x000000078f254820) thrown at [src/hotspot/share/prims/jni.cpp, line 1366]
Event: 8.389 Thread 0x00007fcb3d9e2800 Exception <a 'java/lang/NoSuchMethodError'{0x000000078f26c868}: <clinit>> (0x000000078f26c868) thrown at [src/hotspot/share/prims/jni.cpp, line 1366]
Event: 8.390 Thread 0x00007fcb3d9e2800 Exception <a 'java/lang/NoSuchMethodError'{0x000000078f276230}: <clinit>> (0x000000078f276230) thrown at [src/hotspot/share/prims/jni.cpp, line 1366]
Event: 8.394 Thread 0x00007fcb3d9e2800 Exception <a 'java/lang/NoSuchMethodError'{0x000000078f28b5a8}: <clinit>> (0x000000078f28b5a8) thrown at [src/hotspot/share/prims/jni.cpp, line 1366]
Event: 8.571 Thread 0x00007fcb3c601800 Exception <a 'java/lang/NoSuchMethodError'{0x000000078efaee48}: 'long java.lang.invoke.DirectMethodHandle$Holder.invokeInterface(java.lang.Object, java.lang.Object)'> (0x000000078efaee48) thrown at [src/hotspot/share/interpreter/linkResolver.cpp, line 773]
Event: 8.573 Thread 0x00007fcb3c601800 Exception <a 'java/lang/NoSuchMethodError'{0x000000078efbbee8}: 'void java.lang.invoke.DelegatingMethodHandle$Holder.reinvoke_L(java.lang.Object, java.lang.Object, java.lang.Object, java.lang.Object, java.lang.Object, java.lang.Object, java.lang.Object)'> (0x000000078efbbee8) thrown at [src/hotspot/share/interpreter/linkResolver.cpp, line 773]

Events (20 events):
Event: 8.750 loading class org/gradle/internal/scopeids/id/ScopeId done
Event: 8.750 loading class org/gradle/internal/scopeids/id/WorkspaceScopeId
Event: 8.750 loading class org/gradle/internal/scopeids/id/WorkspaceScopeId done
Event: 8.751 loading class org/gradle/internal/buildevents/BuildStartedTime
Event: 8.751 loading class org/gradle/internal/buildevents/BuildStartedTime done
Event: 8.751 loading class org/gradle/api/internal/FeaturePreviews
Event: 8.751 loading class org/gradle/api/internal/FeaturePreviews done
Event: 8.751 loading class org/gradle/cache/internal/CleanupActionFactory
Event: 8.751 loading class org/gradle/cache/internal/CleanupActionFactory done
Event: 8.752 loading class org/gradle/internal/session/BuildSessionScopeServices$CrossBuildFileHashCacheWrapper
Event: 8.752 loading class org/gradle/internal/session/BuildSessionScopeServices$CrossBuildFileHashCacheWrapper done
Event: 8.752 loading class org/gradle/internal/snapshot/impl/ValueSnapshotterSerializerRegistry
Event: 8.752 loading class org/gradle/internal/snapshot/impl/ValueSnapshotterSerializerRegistry done
Event: 8.753 loading class sun/reflect/generics/tree/VoidDescriptor
Event: 8.753 loading class sun/reflect/generics/tree/VoidDescriptor done
Event: 8.754 loading class org/gradle/internal/service/DefaultServiceRegistry$CollectingVisitor
Event: 8.754 loading class org/gradle/internal/service/DefaultServiceRegistry$CollectingVisitor done
Event: 8.755 loading class org/gradle/internal/service/DefaultServiceRegistry$CollectionService
Event: 8.755 loading class org/gradle/internal/service/DefaultServiceRegistry$CollectionService done
Event: 8.755 Executing VM operation: G1CollectForAllocation


Dynamic libraries:
0x00007fff2ef90000 	/System/Library/Frameworks/Cocoa.framework/Versions/A/Cocoa
0x00007fff3c5f7000 	/System/Library/Frameworks/Security.framework/Versions/A/Security
0x00007fff2def6000 	/System/Library/Frameworks/ApplicationServices.framework/Versions/A/ApplicationServices
0x0000000100180000 	/Applications/Android Studio.app/Contents/jre/Contents/Home/lib/jli/libjli.dylib
0x00007fff66b9c000 	/usr/lib/libSystem.B.dylib
0x00007fff2d0e8000 	/System/Library/Frameworks/AppKit.framework/Versions/C/AppKit
0x00007fff2f914000 	/System/Library/Frameworks/CoreData.framework/Versions/A/CoreData
0x00007fff32528000 	/System/Library/Frameworks/Foundation.framework/Versions/C/Foundation
0x00007fff60df7000 	/System/Library/PrivateFrameworks/UIFoundation.framework/Versions/A/UIFoundation
0x00007fff5be8b000 	/System/Library/PrivateFrameworks/RemoteViewServices.framework/Versions/A/RemoteViewServices
0x00007fff6370c000 	/System/Library/PrivateFrameworks/XCTTargetBootstrap.framework/Versions/A/XCTTargetBootstrap
0x00007fff2fd10000 	/System/Library/Frameworks/CoreDisplay.framework/Versions/A/CoreDisplay
0x00007fff353e7000 	/System/Library/Frameworks/Metal.framework/Versions/A/Metal
0x00007fff49e30000 	/System/Library/PrivateFrameworks/DesktopServicesPriv.framework/Versions/A/DesktopServicesPriv
0x00007fff67d70000 	/usr/lib/liblangid.dylib
0x00007fff490c5000 	/System/Library/PrivateFrameworks/CoreSVG.framework/Versions/A/CoreSVG
0x00007fff5efe7000 	/System/Library/PrivateFrameworks/SkyLight.framework/Versions/A/SkyLight
0x00007fff302c5000 	/System/Library/Frameworks/CoreGraphics.framework/Versions/A/CoreGraphics
0x00007fff2ba57000 	/System/Library/Frameworks/Accelerate.framework/Versions/A/Accelerate
0x00007fff69059000 	/usr/lib/libxml2.2.dylib
0x00007fff54dd2000 	/System/Library/PrivateFrameworks/IconServices.framework/Versions/A/IconServices
0x00007fff32d07000 	/System/Library/Frameworks/IOSurface.framework/Versions/A/IOSurface
0x00007fff666c6000 	/usr/lib/libDiagnosticMessagesClient.dylib
0x00007fff69168000 	/usr/lib/libz.1.dylib
0x00007fff49c8a000 	/System/Library/PrivateFrameworks/DFRFoundation.framework/Versions/A/DFRFoundation
0x00007fff67aff000 	/usr/lib/libicucore.A.dylib
0x00007fff2e228000 	/System/Library/Frameworks/AudioToolbox.framework/Versions/A/AudioToolbox
0x00007fff2e30b000 	/System/Library/Frameworks/AudioUnit.framework/Versions/A/AudioUnit
0x00007fff66e34000 	/usr/lib/libauto.dylib
0x00007fff49d2c000 	/System/Library/PrivateFrameworks/DataDetectorsCore.framework/Versions/A/DataDetectorsCore
0x00007fff2eab1000 	/System/Library/Frameworks/Carbon.framework/Versions/A/Frameworks/HIToolbox.framework/Versions/A/HIToolbox
0x00007fff3b7f0000 	/System/Library/Frameworks/QuartzCore.framework/Versions/A/QuartzCore
0x00007fff2edf0000 	/System/Library/Frameworks/Carbon.framework/Versions/A/Frameworks/SpeechRecognition.framework/Versions/A/SpeechRecognition
0x00007fff4979e000 	/System/Library/PrivateFrameworks/CoreUI.framework/Versions/A/CoreUI
0x00007fff2f37f000 	/System/Library/Frameworks/CoreAudio.framework/Versions/A/CoreAudio
0x00007fff321e6000 	/System/Library/Frameworks/DiskArbitration.framework/Versions/A/DiskArbitration
0x00007fff56e64000 	/System/Library/PrivateFrameworks/MultitouchSupport.framework/Versions/A/MultitouchSupport
0x00007fff679c4000 	/usr/lib/libenergytrace.dylib
0x00007fff32c61000 	/System/Library/Frameworks/IOKit.framework/Versions/A/IOKit
0x00007fff31250000 	/System/Library/Frameworks/CoreServices.framework/Versions/A/CoreServices
0x00007fff5901e000 	/System/Library/PrivateFrameworks/PerformanceAnalysis.framework/Versions/A/PerformanceAnalysis
0x00007fff3a823000 	/System/Library/Frameworks/OpenGL.framework/Versions/A/OpenGL
0x00007fff68a95000 	/usr/lib/libobjc.A.dylib
0x00007fff2ef9e000 	/System/Library/Frameworks/ColorSync.framework/Versions/A/ColorSync
0x00007fff2fe43000 	/System/Library/Frameworks/CoreFoundation.framework/Versions/A/CoreFoundation
0x00007fff3096b000 	/System/Library/Frameworks/CoreImage.framework/Versions/A/CoreImage
0x00007fff31cc4000 	/System/Library/Frameworks/CoreText.framework/Versions/A/CoreText
0x00007fff32d97000 	/System/Library/Frameworks/ImageIO.framework/Versions/A/ImageIO
0x00007fff66f18000 	/usr/lib/libc++.1.dylib
0x00007fff66f94000 	/usr/lib/libcompression.dylib
0x00007fff66a0a000 	/usr/lib/libMobileGestalt.dylib
0x00007fff60b61000 	/System/Library/PrivateFrameworks/TextureIO.framework/Versions/A/TextureIO
0x00007fff66d01000 	/usr/lib/libate.dylib
0x00007fff54fdb000 	/System/Library/PrivateFrameworks/InternationalSupport.framework/Versions/A/InternationalSupport
0x00007fff69a29000 	/usr/lib/system/libcache.dylib
0x00007fff69a2f000 	/usr/lib/system/libcommonCrypto.dylib
0x00007fff69a3b000 	/usr/lib/system/libcompiler_rt.dylib
0x00007fff69a43000 	/usr/lib/system/libcopyfile.dylib
0x00007fff69a4d000 	/usr/lib/system/libcorecrypto.dylib
0x00007fff69bec000 	/usr/lib/system/libdispatch.dylib
0x00007fff69c2d000 	/usr/lib/system/libdyld.dylib
0x00007fff69c64000 	/usr/lib/system/libkeymgr.dylib
0x00007fff69c72000 	/usr/lib/system/liblaunch.dylib
0x00007fff69c73000 	/usr/lib/system/libmacho.dylib
0x00007fff69c79000 	/usr/lib/system/libquarantine.dylib
0x00007fff69c7c000 	/usr/lib/system/libremovefile.dylib
0x00007fff69c7e000 	/usr/lib/system/libsystem_asl.dylib
0x00007fff69c96000 	/usr/lib/system/libsystem_blocks.dylib
0x00007fff69c97000 	/usr/lib/system/libsystem_c.dylib
0x00007fff69d1f000 	/usr/lib/system/libsystem_configuration.dylib
0x00007fff69d23000 	/usr/lib/system/libsystem_coreservices.dylib
0x00007fff69d27000 	/usr/lib/system/libsystem_darwin.dylib
0x00007fff69d30000 	/usr/lib/system/libsystem_dnssd.dylib
0x00007fff69d38000 	/usr/lib/system/libsystem_featureflags.dylib
0x00007fff69d3a000 	/usr/lib/system/libsystem_info.dylib
0x00007fff69db5000 	/usr/lib/system/libsystem_m.dylib
0x00007fff69e01000 	/usr/lib/system/libsystem_malloc.dylib
0x00007fff69e29000 	/usr/lib/system/libsystem_networkextension.dylib
0x00007fff69e37000 	/usr/lib/system/libsystem_notify.dylib
0x00007fff69e55000 	/usr/lib/system/libsystem_sandbox.dylib
0x00007fff69e5a000 	/usr/lib/system/libsystem_secinit.dylib
0x00007fff69d88000 	/usr/lib/system/libsystem_kernel.dylib
0x00007fff69e41000 	/usr/lib/system/libsystem_platform.dylib
0x00007fff69e4a000 	/usr/lib/system/libsystem_pthread.dylib
0x00007fff69e5d000 	/usr/lib/system/libsystem_symptoms.dylib
0x00007fff69e65000 	/usr/lib/system/libsystem_trace.dylib
0x00007fff69e7d000 	/usr/lib/system/libunwind.dylib
0x00007fff69e83000 	/usr/lib/system/libxpc.dylib
0x00007fff66f6b000 	/usr/lib/libc++abi.dylib
0x00007fff67d72000 	/usr/lib/liblzma.5.dylib
0x00007fff679ed000 	/usr/lib/libfakelink.dylib
0x00007fff66c8e000 	/usr/lib/libarchive.2.dylib
0x00007fff3d6aa000 	/System/Library/Frameworks/SystemConfiguration.framework/Versions/A/SystemConfiguration
0x00007fff665f9000 	/usr/lib/libCRFSuite.dylib
0x00007fff2e6a2000 	/System/Library/Frameworks/CFNetwork.framework/Versions/A/CFNetwork
0x00007fff66efa000 	/usr/lib/libbsm.0.dylib
0x00007fff69c65000 	/usr/lib/system/libkxld.dylib
0x00007fff435ec000 	/System/Library/PrivateFrameworks/AppleFSCompression.framework/Versions/A/AppleFSCompression
0x00007fff67286000 	/usr/lib/libcoretls.dylib
0x00007fff6729d000 	/usr/lib/libcoretls_cfhelpers.dylib
0x00007fff68ada000 	/usr/lib/libpam.2.dylib
0x00007fff68c0f000 	/usr/lib/libsqlite3.dylib
0x00007fff69046000 	/usr/lib/libxar.1.dylib
0x00007fff66f0b000 	/usr/lib/libbz2.1.0.dylib
0x00007fff67a0e000 	/usr/lib/libiconv.2.dylib
0x00007fff66f81000 	/usr/lib/libcharset.1.dylib
0x00007fff68578000 	/usr/lib/libnetwork.dylib
0x00007fff68ae1000 	/usr/lib/libpcap.A.dylib
0x00007fff66c43000 	/usr/lib/libapple_nghttp2.dylib
0x00007fff31607000 	/System/Library/Frameworks/CoreServices.framework/Versions/A/Frameworks/FSEvents.framework/Versions/A/FSEvents
0x00007fff312d7000 	/System/Library/Frameworks/CoreServices.framework/Versions/A/Frameworks/CarbonCore.framework/Versions/A/CarbonCore
0x00007fff3184c000 	/System/Library/Frameworks/CoreServices.framework/Versions/A/Frameworks/Metadata.framework/Versions/A/Metadata
0x00007fff318e5000 	/System/Library/Frameworks/CoreServices.framework/Versions/A/Frameworks/OSServices.framework/Versions/A/OSServices
0x00007fff31913000 	/System/Library/Frameworks/CoreServices.framework/Versions/A/Frameworks/SearchKit.framework/Versions/A/SearchKit
0x00007fff31251000 	/System/Library/Frameworks/CoreServices.framework/Versions/A/Frameworks/AE.framework/Versions/A/AE
0x00007fff31610000 	/System/Library/Frameworks/CoreServices.framework/Versions/A/Frameworks/LaunchServices.framework/Versions/A/LaunchServices
0x00007fff315b9000 	/System/Library/Frameworks/CoreServices.framework/Versions/A/Frameworks/DictionaryServices.framework/Versions/A/DictionaryServices
0x00007fff3197b000 	/System/Library/Frameworks/CoreServices.framework/Versions/A/Frameworks/SharedFileList.framework/Versions/A/SharedFileList
0x00007fff36642000 	/System/Library/Frameworks/NetFS.framework/Versions/A/NetFS
0x00007fff57394000 	/System/Library/PrivateFrameworks/NetAuth.framework/Versions/A/NetAuth
0x00007fff63ad9000 	/System/Library/PrivateFrameworks/login.framework/Versions/A/Frameworks/loginsupport.framework/Versions/A/loginsupport
0x00007fff6062c000 	/System/Library/PrivateFrameworks/TCC.framework/Versions/A/TCC
0x00007fff48222000 	/System/Library/PrivateFrameworks/CoreNLP.framework/Versions/A/CoreNLP
0x00007fff5684f000 	/System/Library/PrivateFrameworks/MetadataUtilities.framework/Versions/A/MetadataUtilities
0x00007fff67e4a000 	/usr/lib/libmecabra.dylib
0x00007fff67da2000 	/usr/lib/libmecab.dylib
0x00007fff679fe000 	/usr/lib/libgermantok.dylib
0x00007fff66c2a000 	/usr/lib/libThaiTokenizer.dylib
0x00007fff66630000 	/usr/lib/libChineseTokenizer.dylib
0x00007fff2ba70000 	/System/Library/Frameworks/Accelerate.framework/Versions/A/Frameworks/vImage.framework/Versions/A/vImage
0x00007fff2cf3e000 	/System/Library/Frameworks/Accelerate.framework/Versions/A/Frameworks/vecLib.framework/Versions/A/vecLib
0x00007fff2cdbf000 	/System/Library/Frameworks/Accelerate.framework/Versions/A/Frameworks/vecLib.framework/Versions/A/libvMisc.dylib
0x00007fff2cc2c000 	/System/Library/Frameworks/Accelerate.framework/Versions/A/Frameworks/vecLib.framework/Versions/A/libvDSP.dylib
0x00007fff2c30c000 	/System/Library/Frameworks/Accelerate.framework/Versions/A/Frameworks/vecLib.framework/Versions/A/libBLAS.dylib
0x00007fff2c7e4000 	/System/Library/Frameworks/Accelerate.framework/Versions/A/Frameworks/vecLib.framework/Versions/A/libLAPACK.dylib
0x00007fff2cb8c000 	/System/Library/Frameworks/Accelerate.framework/Versions/A/Frameworks/vecLib.framework/Versions/A/libLinearAlgebra.dylib
0x00007fff2cc19000 	/System/Library/Frameworks/Accelerate.framework/Versions/A/Frameworks/vecLib.framework/Versions/A/libSparseBLAS.dylib
0x00007fff2cba2000 	/System/Library/Frameworks/Accelerate.framework/Versions/A/Frameworks/vecLib.framework/Versions/A/libQuadrature.dylib
0x00007fff2c4a2000 	/System/Library/Frameworks/Accelerate.framework/Versions/A/Frameworks/vecLib.framework/Versions/A/libBNNS.dylib
0x00007fff2cba8000 	/System/Library/Frameworks/Accelerate.framework/Versions/A/Frameworks/vecLib.framework/Versions/A/libSparse.dylib
0x00007fff553c3000 	/System/Library/PrivateFrameworks/LanguageModeling.framework/Versions/A/LanguageModeling
0x00007fff47bd1000 	/System/Library/PrivateFrameworks/CoreEmoji.framework/Versions/A/CoreEmoji
0x00007fff554e1000 	/System/Library/PrivateFrameworks/LinguisticData.framework/Versions/A/LinguisticData
0x00007fff55492000 	/System/Library/PrivateFrameworks/Lexicon.framework/Versions/A/Lexicon
0x00007fff66f82000 	/usr/lib/libcmph.dylib
0x00007fff39231000 	/System/Library/Frameworks/OpenDirectory.framework/Versions/A/Frameworks/CFOpenDirectory.framework/Versions/A/CFOpenDirectory
0x00007fff3924e000 	/System/Library/Frameworks/OpenDirectory.framework/Versions/A/OpenDirectory
0x00007fff41694000 	/System/Library/PrivateFrameworks/APFS.framework/Versions/A/APFS
0x00007fff3c943000 	/System/Library/Frameworks/SecurityFoundation.framework/Versions/A/SecurityFoundation
0x00007fff69042000 	/usr/lib/libutil.dylib
0x00007fff4911d000 	/System/Library/PrivateFrameworks/CoreServicesStore.framework/Versions/A/CoreServicesStore
0x00007fff3c9fa000 	/System/Library/Frameworks/ServiceManagement.framework/Versions/A/ServiceManagement
0x00007fff44dbe000 	/System/Library/PrivateFrameworks/BackgroundTaskManagement.framework/Versions/A/BackgroundTaskManagement
0x00007fff6913f000 	/usr/lib/libxslt.1.dylib
0x00007fff43c60000 	/System/Library/PrivateFrameworks/AppleSystemInfo.framework/Versions/A/AppleSystemInfo
0x00007fff32fb6000 	/System/Library/Frameworks/ImageIO.framework/Versions/A/Resources/libJPEG.dylib
0x00007fff33275000 	/System/Library/Frameworks/ImageIO.framework/Versions/A/Resources/libTIFF.dylib
0x00007fff33258000 	/System/Library/Frameworks/ImageIO.framework/Versions/A/Resources/libPng.dylib
0x00007fff32ef8000 	/System/Library/Frameworks/ImageIO.framework/Versions/A/Resources/libGIF.dylib
0x00007fff32efc000 	/System/Library/Frameworks/ImageIO.framework/Versions/A/Resources/libJP2.dylib
0x00007fff33273000 	/System/Library/Frameworks/ImageIO.framework/Versions/A/Resources/libRadiance.dylib
0x00007fff679c5000 	/usr/lib/libexpat.1.dylib
0x00007fff43747000 	/System/Library/PrivateFrameworks/AppleJPEG.framework/Versions/A/AppleJPEG
0x00007fff4c432000 	/System/Library/PrivateFrameworks/FontServices.framework/libFontParser.dylib
0x00007fff62adb000 	/System/Library/PrivateFrameworks/WatchdogClient.framework/Versions/A/WatchdogClient
0x00007fff54a1e000 	/System/Library/PrivateFrameworks/IOAccelerator.framework/Versions/A/IOAccelerator
0x00007fff35782000 	/System/Library/Frameworks/MetalPerformanceShaders.framework/Versions/A/MetalPerformanceShaders
0x00007fff511ae000 	/System/Library/PrivateFrameworks/GPUWrangler.framework/Versions/A/GPUWrangler
0x00007fff54a33000 	/System/Library/PrivateFrameworks/IOPresentment.framework/Versions/A/IOPresentment
0x00007fff49c9d000 	/System/Library/PrivateFrameworks/DSExternalDisplay.framework/Versions/A/DSExternalDisplay
0x00007fff39bc2000 	/System/Library/Frameworks/OpenGL.framework/Versions/A/Libraries/libCoreFSCache.dylib
0x00007fff354ce000 	/System/Library/Frameworks/MetalPerformanceShaders.framework/Frameworks/MPSCore.framework/Versions/A/MPSCore
0x00007fff3550c000 	/System/Library/Frameworks/MetalPerformanceShaders.framework/Frameworks/MPSImage.framework/Versions/A/MPSImage
0x00007fff355d3000 	/System/Library/Frameworks/MetalPerformanceShaders.framework/Frameworks/MPSNeuralNetwork.framework/Versions/A/MPSNeuralNetwork
0x00007fff35597000 	/System/Library/Frameworks/MetalPerformanceShaders.framework/Frameworks/MPSMatrix.framework/Versions/A/MPSMatrix
0x00007fff35732000 	/System/Library/Frameworks/MetalPerformanceShaders.framework/Frameworks/MPSRayIntersector.framework/Versions/A/MPSRayIntersector
0x00007fff355bd000 	/System/Library/Frameworks/MetalPerformanceShaders.framework/Frameworks/MPSNDArray.framework/Versions/A/MPSNDArray
0x00007fff5689c000 	/System/Library/PrivateFrameworks/MetalTools.framework/Versions/A/MetalTools
0x00007fff4286e000 	/System/Library/PrivateFrameworks/AggregateDictionary.framework/Versions/A/AggregateDictionary
0x00007fff47618000 	/System/Library/PrivateFrameworks/CoreAnalytics.framework/Versions/A/CoreAnalytics
0x00007fff43b7e000 	/System/Library/PrivateFrameworks/AppleSauce.framework/Versions/A/AppleSauce
0x00007fff668ec000 	/usr/lib/libIOReport.dylib
0x00007fff31e7d000 	/System/Library/Frameworks/CoreVideo.framework/Versions/A/CoreVideo
0x00007fff52627000 	/System/Library/PrivateFrameworks/GraphVisualizer.framework/Versions/A/GraphVisualizer
0x00007fff4b978000 	/System/Library/PrivateFrameworks/FaceCore.framework/Versions/A/FaceCore
0x00007fff391d8000 	/System/Library/Frameworks/OpenCL.framework/Versions/A/OpenCL
0x00007fff6670e000 	/usr/lib/libFosl_dynamic.dylib
0x00007fff57db6000 	/System/Library/PrivateFrameworks/OTSVG.framework/Versions/A/OTSVG
0x00007fff2dffb000 	/System/Library/Frameworks/ApplicationServices.framework/Versions/A/Frameworks/ATS.framework/Versions/A/Resources/libFontRegistry.dylib
0x00007fff4c602000 	/System/Library/PrivateFrameworks/FontServices.framework/libhvf.dylib
0x00007fff39bcd000 	/System/Library/Frameworks/OpenGL.framework/Versions/A/Libraries/libGFXShared.dylib
0x00007fff39dab000 	/System/Library/Frameworks/OpenGL.framework/Versions/A/Libraries/libGLU.dylib
0x00007fff39bd6000 	/System/Library/Frameworks/OpenGL.framework/Versions/A/Libraries/libGL.dylib
0x00007fff39be1000 	/System/Library/Frameworks/OpenGL.framework/Versions/A/Libraries/libGLImage.dylib
0x00007fff39bbf000 	/System/Library/Frameworks/OpenGL.framework/Versions/A/Libraries/libCVMSPluginSupport.dylib
0x00007fff39bc8000 	/System/Library/Frameworks/OpenGL.framework/Versions/A/Libraries/libCoreVMClient.dylib
0x00007fff68419000 	/usr/lib/libncurses.5.4.dylib
0x00007fff2def7000 	/System/Library/Frameworks/ApplicationServices.framework/Versions/A/Frameworks/ATS.framework/Versions/A/ATS
0x00007fff2e0c4000 	/System/Library/Frameworks/ApplicationServices.framework/Versions/A/Frameworks/ColorSyncLegacy.framework/Versions/A/ColorSyncLegacy
0x00007fff2e162000 	/System/Library/Frameworks/ApplicationServices.framework/Versions/A/Frameworks/HIServices.framework/Versions/A/HIServices
0x00007fff2e1ba000 	/System/Library/Frameworks/ApplicationServices.framework/Versions/A/Frameworks/LangAnalysis.framework/Versions/A/LangAnalysis
0x00007fff2e1c9000 	/System/Library/Frameworks/ApplicationServices.framework/Versions/A/Frameworks/PrintCore.framework/Versions/A/PrintCore
0x00007fff2e20f000 	/System/Library/Frameworks/ApplicationServices.framework/Versions/A/Frameworks/QD.framework/Versions/A/QD
0x00007fff2e21a000 	/System/Library/Frameworks/ApplicationServices.framework/Versions/A/Frameworks/SpeechSynthesis.framework/Versions/A/SpeechSynthesis
0x00007fff2e094000 	/System/Library/Frameworks/ApplicationServices.framework/Versions/A/Frameworks/ATSUI.framework/Versions/A/ATSUI
0x00007fff6785b000 	/usr/lib/libcups.2.dylib
0x00007fff3481d000 	/System/Library/Frameworks/Kerberos.framework/Versions/A/Kerberos
0x00007fff3295a000 	/System/Library/Frameworks/GSS.framework/Versions/A/GSS
0x00007fff68b9b000 	/usr/lib/libresolv.9.dylib
0x00007fff527d4000 	/System/Library/PrivateFrameworks/Heimdal.framework/Versions/A/Heimdal
0x00007fff34830000 	/System/Library/Frameworks/Kerberos.framework/Versions/A/Libraries/libHeimdalProxy.dylib
0x00007fff67a04000 	/usr/lib/libheimdal-asn1.dylib
0x00007fff46ab0000 	/System/Library/PrivateFrameworks/CommonAuth.framework/Versions/A/CommonAuth
0x00007fff43cfd000 	/System/Library/PrivateFrameworks/AssertionServices.framework/Versions/A/AssertionServices
0x00007fff448a0000 	/System/Library/PrivateFrameworks/AudioToolboxCore.framework/Versions/A/AudioToolboxCore
0x00007fff63789000 	/System/Library/PrivateFrameworks/caulk.framework/Versions/A/caulk
0x00007fff44e6a000 	/System/Library/PrivateFrameworks/BaseBoard.framework/Versions/A/BaseBoard
0x00007fff5c019000 	/System/Library/PrivateFrameworks/RunningBoardServices.framework/Versions/A/RunningBoardServices
0x00007fff5902a000 	/System/Library/PrivateFrameworks/PersistentConnection.framework/Versions/A/PersistentConnection
0x00007fff5ba12000 	/System/Library/PrivateFrameworks/ProtocolBuffer.framework/Versions/A/ProtocolBuffer
0x00007fff46ad4000 	/System/Library/PrivateFrameworks/CommonUtilities.framework/Versions/A/CommonUtilities
0x00007fff44ff8000 	/System/Library/PrivateFrameworks/Bom.framework/Versions/A/Bom
0x00007fff665bf000 	/usr/lib/libAudioToolboxUtility.dylib
0x00007fff44dc8000 	/System/Library/PrivateFrameworks/Backup.framework/Versions/A/Backup
0x00007fff49bbe000 	/System/Library/PrivateFrameworks/CrashReporterSupport.framework/Versions/A/CrashReporterSupport
0x00007fff5daab000 	/System/Library/PrivateFrameworks/Sharing.framework/Versions/A/Sharing
0x00007fff4330a000 	/System/Library/PrivateFrameworks/Apple80211.framework/Versions/A/Apple80211
0x00007fff44ae5000 	/System/Library/PrivateFrameworks/AuthKit.framework/Versions/A/AuthKit
0x00007fff498cb000 	/System/Library/PrivateFrameworks/CoreUtils.framework/Versions/A/CoreUtils
0x00007fff31ec2000 	/System/Library/Frameworks/CoreWLAN.framework/Versions/A/CoreWLAN
0x00007fff32ae7000 	/System/Library/Frameworks/IOBluetooth.framework/Versions/A/IOBluetooth
0x00007fff56be3000 	/System/Library/PrivateFrameworks/MobileKeyBag.framework/Versions/A/MobileKeyBag
0x00007fff486ba000 	/System/Library/PrivateFrameworks/CorePhoneNumbers.framework/Versions/A/CorePhoneNumbers
0x00007fff436fa000 	/System/Library/PrivateFrameworks/AppleIDAuthSupport.framework/Versions/A/AppleIDAuthSupport
0x00007fff3664f000 	/System/Library/Frameworks/Network.framework/Versions/A/Network
0x00007fff5526f000 	/System/Library/PrivateFrameworks/KeychainCircle.framework/Versions/A/KeychainCircle
0x00007fff2f8db000 	/System/Library/Frameworks/CoreBluetooth.framework/Versions/A/CoreBluetooth
0x00007fff5fb2a000 	/System/Library/PrivateFrameworks/SpeechRecognitionCore.framework/Versions/A/SpeechRecognitionCore
0x0000000100a00000 	/Applications/Android Studio.app/Contents/jre/Contents/Home/lib/server/libjvm.dylib
0x00000001001b4000 	/Applications/Android Studio.app/Contents/jre/Contents/Home/lib/libverify.dylib
0x0000000101b98000 	/Applications/Android Studio.app/Contents/jre/Contents/Home/lib/libjava.dylib
0x00000001001c8000 	/Applications/Android Studio.app/Contents/jre/Contents/Home/lib/libjimage.dylib
0x0000000101c14000 	/Applications/Android Studio.app/Contents/jre/Contents/Home/lib/libzip.dylib
0x0000000106503000 	/Applications/Android Studio.app/Contents/jre/Contents/Home/lib/libnio.dylib
0x000000010651f000 	/Applications/Android Studio.app/Contents/jre/Contents/Home/lib/libnet.dylib
0x0000000106543000 	/Users/savaisolanki/.gradle/native/e1d6ef7f7dcc3fd88c89a11ec53ec762bb8ba0a96d01ffa2cd45eb1d1d8dd5c5/osx-amd64/libnative-platform.dylib
0x000000010654a000 	/Users/savaisolanki/.gradle/native/0d407fdbe67a94daf76414ababcb853783967236a71b16ec16e742cd7a986fd3/osx-amd64/libnative-platform-file-events.dylib
0x00000001065b7000 	/Applications/Android Studio.app/Contents/jre/Contents/Home/lib/libmanagement.dylib
0x00000001065cb000 	/Applications/Android Studio.app/Contents/jre/Contents/Home/lib/libmanagement_ext.dylib
0x000000011e234000 	/Applications/Android Studio.app/Contents/jre/Contents/Home/lib/libextnet.dylib


VM Arguments:
jvm_args: --add-opens=java.base/java.util=ALL-UNNAMED --add-opens=java.base/java.lang=ALL-UNNAMED --add-opens=java.base/java.lang.invoke=ALL-UNNAMED --add-opens=java.base/java.util=ALL-UNNAMED --add-opens=java.prefs/java.util.prefs=ALL-UNNAMED --add-opens=java.prefs/java.util.prefs=ALL-UNNAMED --add-opens=java.base/java.nio.charset=ALL-UNNAMED --add-opens=java.base/java.net=ALL-UNNAMED --add-opens=java.base/java.util.concurrent.atomic=ALL-UNNAMED -Xmx2048m -Dfile.encoding=UTF-8 -Duser.country=IN -Duser.language=en -Duser.variant 
java_command: org.gradle.launcher.daemon.bootstrap.GradleDaemon 7.4
java_class_path (initial): /Users/savaisolanki/.gradle/wrapper/dists/gradle-7.4-bin/c0gwcg53nkjbqw7r0h0umtfvt/gradle-7.4/lib/gradle-launcher-7.4.jar
Launcher Type: SUN_STANDARD

[Global flags]
     intx CICompilerCount                          = 3                                         {product} {ergonomic}
     uint ConcGCThreads                            = 1                                         {product} {ergonomic}
     uint G1ConcRefinementThreads                  = 4                                         {product} {ergonomic}
   size_t G1HeapRegionSize                         = 1048576                                   {product} {ergonomic}
    uintx GCDrainStackTargetSize                   = 64                                        {product} {ergonomic}
   size_t InitialHeapSize                          = 268435456                                 {product} {ergonomic}
   size_t MarkStackSize                            = 4194304                                   {product} {ergonomic}
   size_t MaxHeapSize                              = 2147483648                                {product} {command line}
   size_t MaxNewSize                               = 1287651328                                {product} {ergonomic}
   size_t MinHeapDeltaBytes                        = 1048576                                   {product} {ergonomic}
    uintx NonNMethodCodeHeapSize                   = 5830732                                {pd product} {ergonomic}
    uintx NonProfiledCodeHeapSize                  = 122913754                              {pd product} {ergonomic}
    uintx ProfiledCodeHeapSize                     = 122913754                              {pd product} {ergonomic}
    uintx ReservedCodeCacheSize                    = 251658240                              {pd product} {ergonomic}
     bool SegmentedCodeCache                       = true                                      {product} {ergonomic}
     bool UseCompressedClassPointers               = true                                 {lp64_product} {ergonomic}
     bool UseCompressedOops                        = true                                 {lp64_product} {ergonomic}
     bool UseG1GC                                  = true                                      {product} {ergonomic}

Logging:
Log output configuration:
 #0: stdout all=warning uptime,level,tags
 #1: stderr all=off uptime,level,tags

Environment Variables:
PATH=/opt/local/bin:/opt/local/sbin:/usr/local/bin:/usr/bin:/bin:/usr/sbin:/sbin:/usr/local/go/bin:/Library/Apple/usr/bin
SHELL=/bin/zsh
LC_CTYPE=en_IN.UTF-8

Signal Handlers:
SIGSEGV: [libjvm.dylib+0x7ccf7a], sa_mask[0]=11111111011111110111111111111111, sa_flags=SA_ONSTACK|SA_RESTART|SA_SIGINFO
SIGBUS: [libjvm.dylib+0x7ccf7a], sa_mask[0]=11111111011111110111111111111111, sa_flags=SA_RESTART|SA_SIGINFO
SIGFPE: [libjvm.dylib+0x7ccf7a], sa_mask[0]=11111111011111110111111111111111, sa_flags=SA_RESTART|SA_SIGINFO
SIGPIPE: [libjvm.dylib+0x630474], sa_mask[0]=11111111011111110111111111111111, sa_flags=SA_RESTART|SA_SIGINFO
SIGXFSZ: [libjvm.dylib+0x630474], sa_mask[0]=11111111011111110111111111111111, sa_flags=SA_RESTART|SA_SIGINFO
SIGILL: [libjvm.dylib+0x7ccf7a], sa_mask[0]=11111111011111110111111111111111, sa_flags=SA_RESTART|SA_SIGINFO
SIGUSR2: [libjvm.dylib+0x630a52], sa_mask[0]=00100000000000000000000000000000, sa_flags=SA_RESTART|SA_SIGINFO
SIGHUP: [libjvm.dylib+0x62f597], sa_mask[0]=11111111011111110111111111111111, sa_flags=SA_RESTART|SA_SIGINFO
SIGINT: [libjvm.dylib+0x62f597], sa_mask[0]=11111111011111110111111111111111, sa_flags=SA_RESTART|SA_SIGINFO
SIGTERM: [libjvm.dylib+0x62f597], sa_mask[0]=11111111011111110111111111111111, sa_flags=SA_RESTART|SA_SIGINFO
SIGQUIT: [libjvm.dylib+0x62f597], sa_mask[0]=11111111011111110111111111111111, sa_flags=SA_RESTART|SA_SIGINFO


---------------  S Y S T E M  ---------------

OS:uname:Darwin 19.6.0 Darwin Kernel Version 19.6.0: Tue Jun 21 21:18:39 PDT 2022; root:xnu-6153.141.66~1/RELEASE_X86_64 x86_64
OS uptime: 0 days 7:57 hours
rlimit (soft/hard): STACK 8192k/65532k , CORE 0k/infinity , NPROC 2784/4176 , NOFILE 10240/infinity , AS infinity/infinity , CPU infinity/infinity , DATA infinity/infinity , FSIZE infinity/infinity , MEMLOCK infinity/infinity , RSS infinity/infinity
load average:5.51 4.67 3.68

CPU:total 4 (initial active 4) (2 cores per cpu, 2 threads per core) family 6 model 58 stepping 9 microcode 0x21, cmov, cx8, fxsr, mmx, sse, sse2, sse3, ssse3, sse4.1, sse4.2, popcnt, avx, aes, clmul, erms, ht, tsc, tscinvbit, tscinv

Memory: 4k page, physical 16777216k(946220k free), swap 0k(0k free)

vm_info: OpenJDK 64-Bit Server VM (11.0.13+0-b1751.21-8125866) for bsd-amd64 JRE (11.0.13+0-b1751.21-8125866), built on Jan 27 2022 14:26:46 by "androidbuild" with gcc Android (7284624, based on r416183b) Clang 12.0.5 (https://android.googlesource.com/toolchain/llvm-project c935d99d7cf2016289302412d708641d52d2f7ee)

END.
